[2026-06-21T07:47:05.566Z] GET http://localhost:5173/ → 200 (87ms, 639B)
[2026-06-21T07:47:05.670Z] GET http://localhost:5173/@vite/client → 200 (69ms, 209925B)
[2026-06-21T07:47:05.671Z] GET http://localhost:5173/src/main.tsx?t=1782027945688 → 200 (69ms, 1655B)
[2026-06-21T07:47:05.677Z] GET http://localhost:5173/@react-refresh → 200 (67ms, 111894B)
[2026-06-21T07:47:05.740Z] GET http://localhost:5173/node_modules/vite/dist/client/env.mjs → 200 (18ms, 3478B)
[2026-06-21T07:47:05.740Z] GET http://localhost:5173/node_modules/.vite/deps/react.js?v=33ed930e → 200 (33ms, 38303B)
[2026-06-21T07:47:05.740Z] GET http://localhost:5173/node_modules/.vite/deps/react-dom_client.js?v=33ed930e → 200 (86ms, 820982B)
[2026-06-21T07:47:05.740Z] GET http://localhost:5173/src/index.css?t=1782027945688 → 200 (70ms, 29677B)
[2026-06-21T07:47:05.740Z] GET http://localhost:5173/src/App.tsx?t=1782027942537 → 200 (74ms, 8942B)
[2026-06-21T07:47:05.740Z] GET http://localhost:5173/node_modules/.vite/deps/react_jsx-dev-runtime.js?v=33ed930e → 200 (33ms, 10573B)
[2026-06-21T07:47:05.773Z] GET http://localhost:5173/node_modules/.vite/deps/chunk-B-1-B7_t.js?v=33ed930e → 200 (51ms, 7614B)
[2026-06-21T07:47:05.814Z] GET http://localhost:5173/node_modules/.vite/deps/react-router-dom.js?v=33ed930e → 200 (106ms, 399170B)
[2026-06-21T07:47:05.814Z] GET http://localhost:5173/src/components/TopNav.tsx?t=1782027746486 → 200 (37ms, 4366B)
[2026-06-21T07:47:05.814Z] GET http://localhost:5173/src/components/Sidebar.tsx → 200 (45ms, 16058B)
[2026-06-21T07:47:05.814Z] GET http://localhost:5173/src/pages/Dashboard.tsx?t=1782027942537 → 200 (59ms, 39336B)
[2026-06-21T07:47:05.814Z] GET http://localhost:5173/src/pages/DailyReport.tsx → 200 (99ms, 34263B)
[2026-06-21T07:47:05.814Z] GET http://localhost:5173/src/pages/WeeklyReport.tsx → 200 (105ms, 27376B)
[2026-06-21T07:47:05.814Z] GET http://localhost:5173/src/pages/AcwrPage.tsx → 200 (83ms, 32136B)
[2026-06-21T07:47:05.814Z] GET http://localhost:5173/src/pages/RpePage.tsx → 200 (84ms, 25992B)
[2026-06-21T07:47:05.814Z] GET http://localhost:5173/src/pages/Upload.tsx → 200 (84ms, 22006B)
[2026-06-21T07:47:05.814Z] GET http://localhost:5173/src/pages/PlayerProfile.tsx?t=1782027903667 → 200 (131ms, 55770B)
[2026-06-21T07:47:05.826Z] GET http://localhost:5173/node_modules/.vite/deps/react-dom.js?v=33ed930e → 200 (126ms, 14630B)
[2026-06-21T07:47:05.859Z] GET http://localhost:5173/src/lib/api.ts?t=1782027554677 → 200 (96ms, 27168B)
[2026-06-21T07:47:05.859Z] GET http://localhost:5173/src/utils/calculations.ts → 200 (99ms, 7989B)
[2026-06-21T07:47:05.873Z] GET http://localhost:5173/node_modules/.vite/deps/recharts.js?v=33ed930e → pending (?ms, ?B)
[2026-06-21T07:47:05.873Z] GET http://localhost:5173/src/components/StatCard.tsx → 200 (89ms, 4774B)
[2026-06-21T07:47:05.898Z] GET http://localhost:5173/src/utils/csvParser.ts → pending (?ms, ?B)
[2026-06-21T07:47:05.898Z] GET http://localhost:5173/src/lib/store.ts → pending (?ms, ?B)
[2026-06-21T07:47:05.956Z] GET http://localhost:5173/src/lib/supabase.ts → pending (?ms, ?B)
[2026-06-21T07:47:06.107Z] GET http://localhost:5173/node_modules/.vite/deps/papaparse.js?v=33ed930e → 200 (28ms, 25660B)
[2026-06-21T07:47:06.120Z] GET http://localhost:5173/node_modules/.vite/deps/@supabase_supabase-js.js?v=33ed930e → 200 (99ms, 728586B)
[2026-06-21T07:47:06.529Z] GET https://ftockzbsceolvwztojpx.supabase.co/rest/v1/players?select=id%2Cname%2Cmaturity_status&order=name.asc → pending (?ms, ?B)
[2026-06-21T07:47:06.529Z] GET https://ftockzbsceolvwztojpx.supabase.co/rest/v1/players?select=*&order=name.asc → pending (?ms, ?B)
[2026-06-21T07:47:06.529Z] GET https://ftockzbsceolvwztojpx.supabase.co/rest/v1/training_daily?select=training_date%2Ctotal_distance%2Chsr_distance%2Csprint_distance%2Crpe&training_date=gte.2026-04-22&order=training_date.asc&limit=5000 → pending (?ms, ?B)
[2026-06-21T07:47:06.529Z] GET https://ftockzbsceolvwztojpx.supabase.co/rest/v1/players?select=id%2Cname%2Cmaturity_status&order=name.asc → pending (?ms, ?B)
[2026-06-21T07:47:06.529Z] GET https://ftockzbsceolvwztojpx.supabase.co/rest/v1/players?select=*&order=name.asc → pending (?ms, ?B)
[2026-06-21T07:47:06.529Z] GET https://ftockzbsceolvwztojpx.supabase.co/rest/v1/training_daily?select=training_date%2Ctotal_distance%2Chsr_distance%2Csprint_distance%2Crpe&training_date=gte.2026-04-22&order=training_date.asc&limit=5000 → pending (?ms, ?B)
[2026-06-21T07:47:07.420Z] GET https://ftockzbsceolvwztojpx.supabase.co/rest/v1/acwr_daily?select=date&order=date.desc&limit=1 → 200 (232ms, 781B)
[2026-06-21T07:47:07.421Z] GET https://ftockzbsceolvwztojpx.supabase.co/rest/v1/acwr_daily?select=date&order=date.desc&limit=1 → 200 (1ms, 779B)
[2026-06-21T07:47:07.421Z] GET https://ftockzbsceolvwztojpx.supabase.co/rest/v1/acwr_daily?select=date&order=date.desc&limit=1 → 200 (1ms, 780B)
[2026-06-21T07:47:07.422Z] GET https://ftockzbsceolvwztojpx.supabase.co/rest/v1/acwr_daily?select=*&date=eq.2026-06-19 → 200 (230ms, 30687B)
[2026-06-21T07:47:07.422Z] GET https://ftockzbsceolvwztojpx.supabase.co/rest/v1/acwr_daily?select=player_id%2Cacwr%2Cdata_sufficient&date=eq.2026-06-19 → 200 (148ms, 12166B)
[2026-06-21T07:47:07.422Z] GET https://ftockzbsceolvwztojpx.supabase.co/rest/v1/acwr_daily?select=date&order=date.desc&limit=1 → 200 (74ms, 783B)
[2026-06-21T07:47:07.497Z] GET https://ftockzbsceolvwztojpx.supabase.co/rest/v1/acwr_daily?select=*&date=eq.2026-06-19 → 200 (20ms, 30700B)
[2026-06-21T07:47:07.596Z] GET https://ftockzbsceolvwztojpx.supabase.co/rest/v1/training_daily?select=player_id%2Cdaily_training_load%2Ctraining_date&daily_training_load=not.is.null&order=training_date.desc&limit=455 → 200 (375ms, 8301B)
[2026-06-21T07:47:07.596Z] GET https://ftockzbsceolvwztojpx.supabase.co/rest/v1/training_daily?select=player_id&limit=5000 → 200 (139ms, 1337B)
[2026-06-21T07:47:07.652Z] GET https://ftockzbsceolvwztojpx.supabase.co/rest/v1/acwr_daily?select=player_id%2Cacwr%2Cdata_sufficient&date=eq.2026-06-19 → 200 (134ms, 12165B)
[2026-06-21T07:47:07.666Z] GET https://ftockzbsceolvwztojpx.supabase.co/rest/v1/training_daily?select=player_id%2Cdaily_training_load%2Ctraining_date&daily_training_load=not.is.null&order=training_date.desc&limit=455 → 200 (69ms, 8300B)
[2026-06-21T07:47:07.971Z] GET https://ftockzbsceolvwztojpx.supabase.co/rest/v1/training_daily?select=player_id&limit=5000 → 200 (106ms, 1336B)
[2026-06-21T07:47:23.461Z] GET http://localhost:5173/ → 200 (17ms, ?B)
[2026-06-21T07:47:23.485Z] GET http://localhost:5173/@vite/client → 200 (7ms, ?B)
[2026-06-21T07:47:23.485Z] GET http://localhost:5173/src/main.tsx?t=1782027945688 → 200 (2ms, ?B)
[2026-06-21T07:47:23.486Z] GET http://localhost:5173/@react-refresh → 200 (7ms, ?B)
[2026-06-21T07:47:23.488Z] GET http://localhost:5173/node_modules/.vite/deps/react.js?v=33ed930e → 200 (?ms, -263B)
[2026-06-21T07:47:23.489Z] GET http://localhost:5173/node_modules/.vite/deps/react-dom_client.js?v=33ed930e → 200 (?ms, -265B)
[2026-06-21T07:47:23.489Z] GET http://localhost:5173/src/index.css?t=1782027945688 → 200 (6ms, ?B)
[2026-06-21T07:47:23.489Z] GET http://localhost:5173/src/App.tsx?t=1782027942537 → 200 (6ms, ?B)
[2026-06-21T07:47:23.489Z] GET http://localhost:5173/node_modules/.vite/deps/react_jsx-dev-runtime.js?v=33ed930e → 200 (2ms, -263B)
[2026-06-21T07:47:23.491Z] GET http://localhost:5173/node_modules/.vite/deps/chunk-B-1-B7_t.js?v=33ed930e → 200 (?ms, -261B)
[2026-06-21T07:47:23.491Z] GET http://localhost:5173/node_modules/.vite/deps/react-dom.js?v=33ed930e → 200 (?ms, -263B)
[2026-06-21T07:47:23.493Z] GET http://localhost:5173/node_modules/vite/dist/client/env.mjs → 200 (5ms, ?B)
[2026-06-21T07:47:23.495Z] GET http://localhost:5173/node_modules/.vite/deps/react-router-dom.js?v=33ed930e → 200 (?ms, -265B)
[2026-06-21T07:47:23.497Z] GET http://localhost:5173/src/components/TopNav.tsx?t=1782027746486 → 200 (1ms, ?B)
[2026-06-21T07:47:23.497Z] GET http://localhost:5173/src/components/Sidebar.tsx → 200 (1ms, ?B)
[2026-06-21T07:47:23.497Z] GET http://localhost:5173/src/pages/Dashboard.tsx?t=1782027942537 → 200 (1ms, ?B)
[2026-06-21T07:47:23.497Z] GET http://localhost:5173/src/pages/DailyReport.tsx → 200 (2ms, ?B)
[2026-06-21T07:47:23.497Z] GET http://localhost:5173/src/pages/WeeklyReport.tsx → 200 (2ms, ?B)
[2026-06-21T07:47:23.497Z] GET http://localhost:5173/src/pages/AcwrPage.tsx → 200 (2ms, ?B)
[2026-06-21T07:47:23.498Z] GET http://localhost:5173/src/pages/RpePage.tsx → 200 (2ms, ?B)
[2026-06-21T07:47:23.498Z] GET http://localhost:5173/src/pages/Upload.tsx → 200 (1ms, ?B)
[2026-06-21T07:47:23.498Z] GET http://localhost:5173/src/pages/PlayerProfile.tsx?t=1782027903667 → 200 (1ms, ?B)
[2026-06-21T07:47:23.498Z] GET http://localhost:5173/src/lib/api.ts?t=1782027554677 → 200 (2ms, ?B)
[2026-06-21T07:47:23.498Z] GET http://localhost:5173/src/utils/calculations.ts → 200 (3ms, ?B)
[2026-06-21T07:47:23.498Z] GET http://localhost:5173/node_modules/.vite/deps/recharts.js?v=33ed930e → 200 (?ms, -267B)
[2026-06-21T07:47:23.499Z] GET http://localhost:5173/src/components/StatCard.tsx → 200 (2ms, ?B)
[2026-06-21T07:47:23.500Z] GET http://localhost:5173/src/utils/csvParser.ts → 200 (1ms, ?B)
[2026-06-21T07:47:23.500Z] GET http://localhost:5173/src/lib/store.ts → 200 (1ms, ?B)
[2026-06-21T07:47:23.500Z] GET http://localhost:5173/src/lib/supabase.ts → 200 (1ms, ?B)
[2026-06-21T07:47:23.501Z] GET http://localhost:5173/node_modules/.vite/deps/papaparse.js?v=33ed930e → 200 (?ms, -263B)
[2026-06-21T07:47:23.501Z] GET http://localhost:5173/node_modules/.vite/deps/@supabase_supabase-js.js?v=33ed930e → 200 (?ms, -265B)
[2026-06-21T07:47:23.528Z] GET https://ftockzbsceolvwztojpx.supabase.co/rest/v1/players?select=id%2Cname%2Cmaturity_status&order=name.asc → 200 (277ms, 2926B)
[2026-06-21T07:47:23.528Z] GET https://ftockzbsceolvwztojpx.supabase.co/rest/v1/players?select=*&order=name.asc → 200 (277ms, 4560B)
[2026-06-21T07:47:23.528Z] GET https://ftockzbsceolvwztojpx.supabase.co/rest/v1/training_daily?select=training_date%2Ctotal_distance%2Chsr_distance%2Csprint_distance%2Crpe&training_date=gte.2026-04-22&order=training_date.asc&limit=5000 → 200 (288ms, 11457B)
[2026-06-21T07:47:23.528Z] GET https://ftockzbsceolvwztojpx.supabase.co/rest/v1/players?select=id%2Cname%2Cmaturity_status&order=name.asc → 200 (168ms, 2927B)
[2026-06-21T07:47:23.528Z] GET https://ftockzbsceolvwztojpx.supabase.co/rest/v1/players?select=*&order=name.asc → 200 (170ms, 4560B)
[2026-06-21T07:47:23.528Z] GET https://ftockzbsceolvwztojpx.supabase.co/rest/v1/training_daily?select=training_date%2Ctotal_distance%2Chsr_distance%2Csprint_distance%2Crpe&training_date=gte.2026-04-22&order=training_date.asc&limit=5000 → 200 (170ms, 11456B)
[2026-06-21T07:47:23.697Z] GET https://ftockzbsceolvwztojpx.supabase.co/rest/v1/acwr_daily?select=date&order=date.desc&limit=1 → 200 (423ms, 782B)
[2026-06-21T07:47:23.699Z] GET https://ftockzbsceolvwztojpx.supabase.co/rest/v1/acwr_daily?select=date&order=date.desc&limit=1 → 200 (106ms, 782B)
[2026-06-21T07:47:23.805Z] GET https://ftockzbsceolvwztojpx.supabase.co/rest/v1/acwr_daily?select=date&order=date.desc&limit=1 → 200 (213ms, 784B)
[2026-06-21T07:47:23.805Z] GET https://ftockzbsceolvwztojpx.supabase.co/rest/v1/acwr_daily?select=player_id%2Cacwr%2Cdata_sufficient&date=eq.2026-06-19 → 200 (109ms, 12163B)
[2026-06-21T07:47:23.805Z] GET https://ftockzbsceolvwztojpx.supabase.co/rest/v1/acwr_daily?select=date&order=date.desc&limit=1 → 200 (109ms, 782B)
[2026-06-21T07:47:23.914Z] GET https://ftockzbsceolvwztojpx.supabase.co/rest/v1/acwr_daily?select=*&date=eq.2026-06-19 → 200 (186ms, 30687B)
[2026-06-21T07:47:23.917Z] GET https://ftockzbsceolvwztojpx.supabase.co/rest/v1/training_daily?select=player_id&limit=5000 → 200 (113ms, 1339B)
[2026-06-21T07:47:24.018Z] GET https://ftockzbsceolvwztojpx.supabase.co/rest/v1/acwr_daily?select=player_id%2Cacwr%2Cdata_sufficient&date=eq.2026-06-19 → 200 (104ms, 12165B)
[2026-06-21T07:47:24.100Z] GET https://ftockzbsceolvwztojpx.supabase.co/rest/v1/training_daily?select=player_id%2Cdaily_training_load%2Ctraining_date&daily_training_load=not.is.null&order=training_date.desc&limit=455 → 200 (113ms, 8298B)
[2026-06-21T07:47:24.120Z] GET https://ftockzbsceolvwztojpx.supabase.co/rest/v1/acwr_daily?select=*&date=eq.2026-06-19 → 200 (125ms, 30689B)
[2026-06-21T07:47:24.127Z] GET https://ftockzbsceolvwztojpx.supabase.co/rest/v1/training_daily?select=player_id&limit=5000 → 200 (118ms, 1337B)
[2026-06-21T07:47:24.379Z] GET https://ftockzbsceolvwztojpx.supabase.co/rest/v1/training_daily?select=player_id%2Cdaily_training_load%2Ctraining_date&daily_training_load=not.is.null&order=training_date.desc&limit=455 → pending (?ms, ?B)
[2026-06-21T07:47:43.312Z] GET http://localhost:5173/daily → 200 (12ms, 639B)
[2026-06-21T07:47:43.339Z] GET http://localhost:5173/@vite/client → 200 (4ms, ?B)
[2026-06-21T07:47:43.339Z] GET http://localhost:5173/src/main.tsx?t=1782027945688 → 200 (1ms, ?B)
[2026-06-21T07:47:43.339Z] GET http://localhost:5173/@react-refresh → 200 (5ms, ?B)
[2026-06-21T07:47:43.341Z] GET http://localhost:5173/node_modules/.vite/deps/react.js?v=33ed930e → 200 (?ms, -263B)
[2026-06-21T07:47:43.341Z] GET http://localhost:5173/node_modules/.vite/deps/react-dom_client.js?v=33ed930e → 200 (?ms, -265B)
[2026-06-21T07:47:43.341Z] GET http://localhost:5173/src/index.css?t=1782027945688 → 200 (2ms, ?B)
[2026-06-21T07:47:43.341Z] GET http://localhost:5173/src/App.tsx?t=1782027942537 → 200 (2ms, ?B)
[2026-06-21T07:47:43.341Z] GET http://localhost:5173/node_modules/.vite/deps/react_jsx-dev-runtime.js?v=33ed930e → 200 (?ms, -263B)
[2026-06-21T07:47:43.342Z] GET http://localhost:5173/node_modules/.vite/deps/chunk-B-1-B7_t.js?v=33ed930e → 200 (?ms, -261B)
[2026-06-21T07:47:43.342Z] GET http://localhost:5173/node_modules/.vite/deps/react-dom.js?v=33ed930e → 200 (?ms, -263B)
[2026-06-21T07:47:43.343Z] GET http://localhost:5173/node_modules/vite/dist/client/env.mjs → 200 (1ms, ?B)
[2026-06-21T07:47:43.344Z] GET http://localhost:5173/node_modules/.vite/deps/react-router-dom.js?v=33ed930e → 200 (?ms, -265B)
[2026-06-21T07:47:43.344Z] GET http://localhost:5173/src/components/TopNav.tsx?t=1782027746486 → 200 (1ms, ?B)
[2026-06-21T07:47:43.344Z] GET http://localhost:5173/src/components/Sidebar.tsx → 200 (1ms, ?B)
[2026-06-21T07:47:43.344Z] GET http://localhost:5173/src/pages/Dashboard.tsx?t=1782027942537 → 200 (2ms, ?B)
[2026-06-21T07:47:43.344Z] GET http://localhost:5173/src/pages/DailyReport.tsx → 200 (2ms, ?B)
[2026-06-21T07:47:43.344Z] GET http://localhost:5173/src/pages/WeeklyReport.tsx → 200 (2ms, ?B)
[2026-06-21T07:47:43.344Z] GET http://localhost:5173/src/pages/AcwrPage.tsx → 200 (2ms, ?B)
[2026-06-21T07:47:43.344Z] GET http://localhost:5173/src/pages/RpePage.tsx → 200 (2ms, ?B)
[2026-06-21T07:47:43.344Z] GET http://localhost:5173/src/pages/Upload.tsx → 200 (2ms, ?B)
[2026-06-21T07:47:43.344Z] GET http://localhost:5173/src/pages/PlayerProfile.tsx?t=1782027903667 → 200 (2ms, ?B)
[2026-06-21T07:47:43.345Z] GET http://localhost:5173/src/lib/api.ts?t=1782027554677 → 200 (1ms, ?B)
[2026-06-21T07:47:43.345Z] GET http://localhost:5173/src/utils/calculations.ts → 200 (2ms, ?B)
[2026-06-21T07:47:43.346Z] GET http://localhost:5173/node_modules/.vite/deps/recharts.js?v=33ed930e → 200 (?ms, -267B)
[2026-06-21T07:47:43.346Z] GET http://localhost:5173/src/components/StatCard.tsx → 200 (1ms, ?B)
[2026-06-21T07:47:43.346Z] GET http://localhost:5173/src/utils/csvParser.ts → 200 (1ms, ?B)
[2026-06-21T07:47:43.346Z] GET http://localhost:5173/src/lib/store.ts → 200 (1ms, ?B)
[2026-06-21T07:47:43.346Z] GET http://localhost:5173/src/lib/supabase.ts → 200 (1ms, ?B)
[2026-06-21T07:47:43.347Z] GET http://localhost:5173/node_modules/.vite/deps/papaparse.js?v=33ed930e → 200 (?ms, -263B)
[2026-06-21T07:47:43.347Z] GET http://localhost:5173/node_modules/.vite/deps/@supabase_supabase-js.js?v=33ed930e → 200 (?ms, -265B)
[2026-06-21T07:47:43.363Z] GET https://ftockzbsceolvwztojpx.supabase.co/rest/v1/players?select=id%2Cname%2Cmaturity_status&order=name.asc → pending (?ms, ?B)
[2026-06-21T07:47:43.363Z] GET https://ftockzbsceolvwztojpx.supabase.co/rest/v1/training_daily?select=training_date&order=training_date.desc&limit=5000 → pending (?ms, ?B)
[2026-06-21T07:47:43.363Z] GET https://ftockzbsceolvwztojpx.supabase.co/rest/v1/players?select=id%2Cname%2Cmaturity_status&order=name.asc → pending (?ms, ?B)
[2026-06-21T07:47:43.363Z] GET https://ftockzbsceolvwztojpx.supabase.co/rest/v1/training_daily?select=training_date&order=training_date.desc&limit=5000 → pending (?ms, ?B)
[2026-06-21T07:47:43.489Z] GET https://ftockzbsceolvwztojpx.supabase.co/rest/v1/acwr_daily?select=date&order=date.desc&limit=1 → 200 (331ms, 783B)
[2026-06-21T07:47:43.518Z] GET https://ftockzbsceolvwztojpx.supabase.co/rest/v1/training_daily?select=player_id%2Ctotal_distance%2Chsr_distance%2Csprint_distance%2Crpe%2Cm_per_min%2Cacc_count%2Cdec_count%2Cmax_speed%2Cdaily_training_load%2Cplayers%28name%2Cjersey_number%2Cposition%29&training_date=eq.2026-06-19&order=total_distance.desc → 200 (321ms, 3376B)
[2026-06-21T07:47:43.591Z] GET https://ftockzbsceolvwztojpx.supabase.co/rest/v1/acwr_daily?select=date&order=date.desc&limit=1 → 200 (2ms, 780B)
[2026-06-21T07:47:43.593Z] GET https://ftockzbsceolvwztojpx.supabase.co/rest/v1/acwr_daily?select=player_id%2Cacwr%2Cdata_sufficient&date=eq.2026-06-19 → 200 (227ms, 12161B)
[2026-06-21T07:47:43.622Z] GET https://ftockzbsceolvwztojpx.supabase.co/rest/v1/training_daily?select=player_id%2Ctotal_distance%2Chsr_distance%2Csprint_distance%2Crpe%2Cm_per_min%2Cacc_count%2Cdec_count%2Cmax_speed%2Cdaily_training_load%2Cplayers%28name%2Cjersey_number%2Cposition%29&training_date=eq.2026-06-19&order=total_distance.desc → 200 (28ms, 3377B)
[2026-06-21T07:47:43.823Z] GET https://ftockzbsceolvwztojpx.supabase.co/rest/v1/acwr_daily?select=player_id%2Cacwr%2Cdata_sufficient&date=eq.2026-06-19 → 200 (117ms, 12165B)
[2026-06-21T07:47:43.839Z] GET https://ftockzbsceolvwztojpx.supabase.co/rest/v1/training_daily?select=player_id&limit=5000 → 200 (219ms, 1337B)
[2026-06-21T07:47:43.940Z] GET https://ftockzbsceolvwztojpx.supabase.co/rest/v1/training_daily?select=player_id&limit=5000 → 200 (3ms, 1337B)
[2026-06-21T07:47:47.600Z] GET http://localhost:5173/acwr → 200 (4ms, 639B)
[2026-06-21T07:47:47.607Z] GET http://localhost:5173/@vite/client → 200 (5ms, ?B)
[2026-06-21T07:47:47.607Z] GET http://localhost:5173/src/main.tsx?t=1782027945688 → 200 (2ms, ?B)
[2026-06-21T07:47:47.609Z] GET http://localhost:5173/@react-refresh → 200 (3ms, ?B)
[2026-06-21T07:47:47.609Z] GET http://localhost:5173/node_modules/.vite/deps/react.js?v=33ed930e → 200 (?ms, -263B)
[2026-06-21T07:47:47.609Z] GET http://localhost:5173/node_modules/.vite/deps/react-dom_client.js?v=33ed930e → 200 (1ms, -265B)
[2026-06-21T07:47:47.610Z] GET http://localhost:5173/src/index.css?t=1782027945688 → 200 (1ms, ?B)
[2026-06-21T07:47:47.610Z] GET http://localhost:5173/src/App.tsx?t=1782027942537 → 200 (1ms, ?B)
[2026-06-21T07:47:47.610Z] GET http://localhost:5173/node_modules/.vite/deps/react_jsx-dev-runtime.js?v=33ed930e → 200 (?ms, -263B)
[2026-06-21T07:47:47.610Z] GET http://localhost:5173/node_modules/.vite/deps/chunk-B-1-B7_t.js?v=33ed930e → 200 (?ms, -261B)
[2026-06-21T07:47:47.610Z] GET http://localhost:5173/node_modules/.vite/deps/react-dom.js?v=33ed930e → 200 (?ms, -263B)
[2026-06-21T07:47:47.611Z] GET http://localhost:5173/node_modules/.vite/deps/react-router-dom.js?v=33ed930e → 200 (?ms, -265B)
[2026-06-21T07:47:47.611Z] GET http://localhost:5173/src/components/TopNav.tsx?t=1782027746486 → 200 (2ms, ?B)
[2026-06-21T07:47:47.611Z] GET http://localhost:5173/src/components/Sidebar.tsx → 200 (2ms, ?B)
[2026-06-21T07:47:47.611Z] GET http://localhost:5173/src/pages/Dashboard.tsx?t=1782027942537 → 200 (4ms, ?B)
[2026-06-21T07:47:47.611Z] GET http://localhost:5173/src/pages/DailyReport.tsx → 200 (6ms, ?B)
[2026-06-21T07:47:47.611Z] GET http://localhost:5173/src/pages/WeeklyReport.tsx → 200 (6ms, ?B)
[2026-06-21T07:47:47.612Z] GET http://localhost:5173/src/pages/AcwrPage.tsx → 200 (5ms, ?B)
[2026-06-21T07:47:47.612Z] GET http://localhost:5173/src/pages/RpePage.tsx → 200 (5ms, ?B)
[2026-06-21T07:47:47.612Z] GET http://localhost:5173/src/pages/Upload.tsx → 200 (5ms, ?B)
[2026-06-21T07:47:47.612Z] GET http://localhost:5173/src/pages/PlayerProfile.tsx?t=1782027903667 → 200 (5ms, ?B)
[2026-06-21T07:47:47.612Z] GET http://localhost:5173/node_modules/vite/dist/client/env.mjs → 200 (5ms, ?B)
[2026-06-21T07:47:47.615Z] GET http://localhost:5173/src/lib/api.ts?t=1782027554677 → 200 (2ms, ?B)
[2026-06-21T07:47:47.615Z] GET http://localhost:5173/src/utils/calculations.ts → 200 (3ms, ?B)
[2026-06-21T07:47:47.615Z] GET http://localhost:5173/node_modules/.vite/deps/recharts.js?v=33ed930e → 200 (1ms, -267B)
[2026-06-21T07:47:47.616Z] GET http://localhost:5173/src/components/StatCard.tsx → 200 (3ms, ?B)
[2026-06-21T07:47:47.617Z] GET http://localhost:5173/src/utils/csvParser.ts → 200 (3ms, ?B)
[2026-06-21T07:47:47.617Z] GET http://localhost:5173/src/lib/store.ts → 200 (5ms, ?B)
[2026-06-21T07:47:47.617Z] GET http://localhost:5173/src/lib/supabase.ts → 200 (4ms, ?B)
[2026-06-21T07:47:47.621Z] GET http://localhost:5173/node_modules/.vite/deps/papaparse.js?v=33ed930e → 200 (?ms, -263B)
[2026-06-21T07:47:47.621Z] GET http://localhost:5173/node_modules/.vite/deps/@supabase_supabase-js.js?v=33ed930e → 200 (?ms, -265B)
[2026-06-21T07:47:47.626Z] GET https://ftockzbsceolvwztojpx.supabase.co/rest/v1/players?select=id%2Cname%2Cmaturity_status&order=name.asc → 200 (220ms, 2923B)
[2026-06-21T07:47:47.626Z] GET https://ftockzbsceolvwztojpx.supabase.co/rest/v1/players?select=*&order=name.asc → 200 (224ms, 4561B)
[2026-06-21T07:47:47.626Z] GET https://ftockzbsceolvwztojpx.supabase.co/rest/v1/players?select=id%2Cname%2Cmaturity_status&order=name.asc → 200 (112ms, 2927B)
[2026-06-21T07:47:47.626Z] GET https://ftockzbsceolvwztojpx.supabase.co/rest/v1/players?select=*&order=name.asc → 200 (118ms, 4561B)
[2026-06-21T07:47:47.739Z] GET https://ftockzbsceolvwztojpx.supabase.co/rest/v1/acwr_daily?select=date&order=date.desc&limit=1 → 200 (433ms, 785B)
[2026-06-21T07:47:47.744Z] GET https://ftockzbsceolvwztojpx.supabase.co/rest/v1/acwr_daily?select=date&order=date.desc&limit=1 → 200 (316ms, 783B)
[2026-06-21T07:47:47.847Z] GET https://ftockzbsceolvwztojpx.supabase.co/rest/v1/acwr_daily?select=date&order=date.desc&limit=1 → 200 (3ms, 784B)
[2026-06-21T07:47:47.850Z] GET https://ftockzbsceolvwztojpx.supabase.co/rest/v1/acwr_daily?select=date&order=date.desc&limit=1 → 200 (104ms, 784B)
[2026-06-21T07:47:47.850Z] GET https://ftockzbsceolvwztojpx.supabase.co/rest/v1/acwr_daily?select=player_id%2Cacwr%2Cdata_sufficient&date=eq.2026-06-19 → 200 (109ms, 12166B)
[2026-06-21T07:47:47.955Z] GET https://ftockzbsceolvwztojpx.supabase.co/rest/v1/acwr_daily?select=*&date=eq.2026-06-19 → 200 (189ms, 30688B)
[2026-06-21T07:47:47.960Z] GET https://ftockzbsceolvwztojpx.supabase.co/rest/v1/training_daily?select=player_id&limit=5000 → 200 (106ms, 1339B)
[2026-06-21T07:47:48.061Z] GET https://ftockzbsceolvwztojpx.supabase.co/rest/v1/acwr_daily?select=player_id%2Cacwr%2Cdata_sufficient&date=eq.2026-06-19 → 200 (111ms, 12162B)
[2026-06-21T07:47:48.144Z] GET https://ftockzbsceolvwztojpx.supabase.co/rest/v1/training_daily?select=player_id%2Cdaily_training_load%2Ctraining_date&daily_training_load=not.is.null&order=training_date.desc&limit=455 → 200 (113ms, 8302B)
[2026-06-21T07:47:48.172Z] GET https://ftockzbsceolvwztojpx.supabase.co/rest/v1/acwr_daily?select=*&date=eq.2026-06-19 → 200 (190ms, 30689B)
[2026-06-21T07:47:48.172Z] GET https://ftockzbsceolvwztojpx.supabase.co/rest/v1/training_daily?select=player_id&limit=5000 → 200 (189ms, 1340B)
[2026-06-21T07:47:48.362Z] GET https://ftockzbsceolvwztojpx.supabase.co/rest/v1/training_daily?select=player_id%2Cdaily_training_load%2Ctraining_date&daily_training_load=not.is.null&order=training_date.desc&limit=455 → pending (?ms, ?B)
[2026-06-21T07:48:04.871Z] GET http://localhost:5173/rpe → 200 (8ms, 639B)
[2026-06-21T07:48:04.885Z] GET http://localhost:5173/@vite/client → 200 (12ms, ?B)
[2026-06-21T07:48:04.885Z] GET http://localhost:5173/src/main.tsx?t=1782027945688 → 200 (8ms, ?B)
[2026-06-21T07:48:04.887Z] GET http://localhost:5173/@react-refresh → 200 (10ms, ?B)
[2026-06-21T07:48:04.895Z] GET http://localhost:5173/node_modules/.vite/deps/react.js?v=33ed930e → 200 (1ms, -263B)
[2026-06-21T07:48:04.896Z] GET http://localhost:5173/node_modules/.vite/deps/react-dom_client.js?v=33ed930e → 200 (?ms, -265B)
[2026-06-21T07:48:04.896Z] GET http://localhost:5173/src/index.css?t=1782027945688 → 200 (1ms, ?B)
[2026-06-21T07:48:04.896Z] GET http://localhost:5173/src/App.tsx?t=1782027942537 → 200 (1ms, ?B)
[2026-06-21T07:48:04.896Z] GET http://localhost:5173/node_modules/.vite/deps/react_jsx-dev-runtime.js?v=33ed930e → 200 (?ms, -263B)
[2026-06-21T07:48:04.897Z] GET http://localhost:5173/node_modules/.vite/deps/chunk-B-1-B7_t.js?v=33ed930e → 200 (?ms, -261B)
[2026-06-21T07:48:04.897Z] GET http://localhost:5173/node_modules/.vite/deps/react-dom.js?v=33ed930e → 200 (?ms, -263B)
[2026-06-21T07:48:04.897Z] GET http://localhost:5173/node_modules/vite/dist/client/env.mjs → 200 (2ms, ?B)
[2026-06-21T07:48:04.898Z] GET http://localhost:5173/node_modules/.vite/deps/react-router-dom.js?v=33ed930e → 200 (?ms, -265B)
[2026-06-21T07:48:04.898Z] GET http://localhost:5173/src/components/TopNav.tsx?t=1782027746486 → 200 (1ms, ?B)
[2026-06-21T07:48:04.898Z] GET http://localhost:5173/src/components/Sidebar.tsx → 200 (1ms, ?B)
[2026-06-21T07:48:04.898Z] GET http://localhost:5173/src/pages/Dashboard.tsx?t=1782027942537 → 200 (1ms, ?B)
[2026-06-21T07:48:04.898Z] GET http://localhost:5173/src/pages/DailyReport.tsx → 200 (2ms, ?B)
[2026-06-21T07:48:04.898Z] GET http://localhost:5173/src/pages/WeeklyReport.tsx → 200 (2ms, ?B)
[2026-06-21T07:48:04.898Z] GET http://localhost:5173/src/pages/AcwrPage.tsx → 200 (2ms, ?B)
[2026-06-21T07:48:04.898Z] GET http://localhost:5173/src/pages/RpePage.tsx → 200 (2ms, ?B)
[2026-06-21T07:48:04.898Z] GET http://localhost:5173/src/pages/Upload.tsx → 200 (2ms, ?B)
[2026-06-21T07:48:04.898Z] GET http://localhost:5173/src/pages/PlayerProfile.tsx?t=1782027903667 → 200 (3ms, ?B)
[2026-06-21T07:48:04.899Z] GET http://localhost:5173/src/lib/api.ts?t=1782027554677 → 200 (3ms, ?B)
[2026-06-21T07:48:04.899Z] GET http://localhost:5173/src/utils/calculations.ts → 200 (2ms, ?B)
[2026-06-21T07:48:04.900Z] GET http://localhost:5173/node_modules/.vite/deps/recharts.js?v=33ed930e → 200 (?ms, -267B)
[2026-06-21T07:48:04.900Z] GET http://localhost:5173/src/components/StatCard.tsx → 200 (2ms, ?B)
[2026-06-21T07:48:04.901Z] GET http://localhost:5173/src/utils/csvParser.ts → 200 (6ms, ?B)
[2026-06-21T07:48:04.901Z] GET http://localhost:5173/src/lib/store.ts → 200 (6ms, ?B)
[2026-06-21T07:48:04.902Z] GET http://localhost:5173/src/lib/supabase.ts → 200 (5ms, ?B)
[2026-06-21T07:48:04.907Z] GET http://localhost:5173/node_modules/.vite/deps/papaparse.js?v=33ed930e → 200 (?ms, -263B)
[2026-06-21T07:48:04.909Z] GET http://localhost:5173/node_modules/.vite/deps/@supabase_supabase-js.js?v=33ed930e → 200 (?ms, -265B)
[2026-06-21T07:48:04.912Z] GET https://ftockzbsceolvwztojpx.supabase.co/rest/v1/players?select=id%2Cname%2Cmaturity_status&order=name.asc → 200 (342ms, 2926B)
[2026-06-21T07:48:04.912Z] GET https://ftockzbsceolvwztojpx.supabase.co/rest/v1/training_daily?select=training_date%2Crpe%2Cplayer_id%2Cplayers%28name%29&rpe=not.is.null&rpe=gt.0&order=training_date.asc&limit=5000 → 200 (530ms, 19322B)
[2026-06-21T07:48:04.912Z] GET https://ftockzbsceolvwztojpx.supabase.co/rest/v1/players?select=id%2Cname%2Cmaturity_status&order=name.asc → 200 (122ms, 2924B)
[2026-06-21T07:48:04.912Z] GET https://ftockzbsceolvwztojpx.supabase.co/rest/v1/training_daily?select=training_date%2Crpe%2Cplayer_id%2Cplayers%28name%29&rpe=not.is.null&rpe=gt.0&order=training_date.asc&limit=5000 → 200 (342ms, 19319B)
[2026-06-21T07:48:05.034Z] GET https://ftockzbsceolvwztojpx.supabase.co/rest/v1/acwr_daily?select=date&order=date.desc&limit=1 → 200 (220ms, 781B)
[2026-06-21T07:48:05.254Z] GET https://ftockzbsceolvwztojpx.supabase.co/rest/v1/acwr_daily?select=date&order=date.desc&limit=1 → 200 (154ms, 780B)
[2026-06-21T07:48:05.254Z] GET https://ftockzbsceolvwztojpx.supabase.co/rest/v1/acwr_daily?select=player_id%2Cacwr%2Cdata_sufficient&date=eq.2026-06-19 → 200 (154ms, ?B)
[2026-06-21T07:48:05.409Z] GET https://ftockzbsceolvwztojpx.supabase.co/rest/v1/acwr_daily?select=player_id%2Cacwr%2Cdata_sufficient&date=eq.2026-06-19 → pending (?ms, 12165B)
[2026-06-21T07:48:05.409Z] GET https://ftockzbsceolvwztojpx.supabase.co/rest/v1/training_daily?select=player_id&limit=5000 → pending (?ms, ?B)
[2026-06-21T07:48:05.522Z] GET https://ftockzbsceolvwztojpx.supabase.co/rest/v1/training_daily?select=player_id&limit=5000 → 200 (2ms, 1337B)
[2026-06-21T07:48:18.878Z] GET https://ftockzbsceolvwztojpx.supabase.co/rest/v1/players?select=*&order=name.asc → 200 (341ms, 4559B)
[2026-06-21T07:48:18.878Z] GET https://ftockzbsceolvwztojpx.supabase.co/rest/v1/acwr_daily?select=*&player_id=eq.1f5f53e3-634e-4336-8087-fa9ae9ec92de&order=date.asc → 200 (543ms, ?B)
[2026-06-21T07:48:18.878Z] GET https://ftockzbsceolvwztojpx.supabase.co/rest/v1/training_daily?select=*&player_id=eq.1f5f53e3-634e-4336-8087-fa9ae9ec92de&order=training_date.desc&limit=60 → 200 (343ms, 5789B)
[2026-06-21T07:48:18.878Z] GET https://ftockzbsceolvwztojpx.supabase.co/rest/v1/match_data?select=*&player_id=eq.1f5f53e3-634e-4336-8087-fa9ae9ec92de&order=match_date.desc → 200 (341ms, 4662B)
[2026-06-21T07:48:18.878Z] GET https://ftockzbsceolvwztojpx.supabase.co/rest/v1/players?select=*&order=name.asc → 200 (201ms, 4563B)
[2026-06-21T07:48:18.878Z] GET https://ftockzbsceolvwztojpx.supabase.co/rest/v1/acwr_daily?select=*&player_id=eq.1f5f53e3-634e-4336-8087-fa9ae9ec92de&order=date.asc → 200 (201ms, 117356B)
[2026-06-21T07:48:18.879Z] GET https://ftockzbsceolvwztojpx.supabase.co/rest/v1/training_daily?select=*&player_id=eq.1f5f53e3-634e-4336-8087-fa9ae9ec92de&order=training_date.desc&limit=60 → 200 (200ms, 5789B)
[2026-06-21T07:48:18.879Z] GET https://ftockzbsceolvwztojpx.supabase.co/rest/v1/match_data?select=*&player_id=eq.1f5f53e3-634e-4336-8087-fa9ae9ec92de&order=match_date.desc → 200 (200ms, 4665B)
[2026-06-21T07:48:19.084Z] GET https://ftockzbsceolvwztojpx.supabase.co/rest/v1/acwr_daily?select=date&order=date.desc&limit=1 → 200 (390ms, 782B)
[2026-06-21T07:48:19.219Z] GET https://ftockzbsceolvwztojpx.supabase.co/rest/v1/acwr_daily?select=date&order=date.desc&limit=1 → 200 (124ms, 781B)
[2026-06-21T07:48:19.344Z] GET https://ftockzbsceolvwztojpx.supabase.co/rest/v1/acwr_daily?select=*&date=eq.2026-06-19 → pending (?ms, ?B)
[2026-06-21T07:48:19.474Z] GET https://ftockzbsceolvwztojpx.supabase.co/rest/v1/acwr_daily?select=*&date=eq.2026-06-19 → pending (?ms, ?B)
[2026-06-21T07:48:19.553Z] GET https://ftockzbsceolvwztojpx.supabase.co/rest/v1/training_daily?select=player_id%2Cdaily_training_load%2Ctraining_date&daily_training_load=not.is.null&order=training_date.desc&limit=455 → 200 (138ms, 8300B)
[2026-06-21T07:48:19.711Z] GET https://ftockzbsceolvwztojpx.supabase.co/rest/v1/training_daily?select=player_id%2Cdaily_training_load%2Ctraining_date&daily_training_load=not.is.null&order=training_date.desc&limit=455 → 200 (161ms, 8301B)
[2026-06-21T07:49:22.106Z] GET http://localhost:5173/src/index.css?t=1782028162026 → pending (?ms, ?B)
[2026-06-21T07:49:22.106Z] GET http://localhost:5173/src/pages/Dashboard.tsx?t=1782028162026 → 200 (124ms, 39336B)
[2026-06-21T07:49:22.106Z] GET http://localhost:5173/src/components/Sidebar.tsx?t=1782028162026 → 200 (141ms, 16074B)
[2026-06-21T07:49:22.106Z] GET http://localhost:5173/src/pages/PlayerProfile.tsx?t=1782028162026 → 200 (163ms, 55770B)
[2026-06-21T07:49:22.106Z] GET http://localhost:5173/src/pages/DailyReport.tsx?t=1782028162026 → 200 (178ms, 34279B)
[2026-06-21T07:49:22.106Z] GET http://localhost:5173/src/pages/AcwrPage.tsx?t=1782028162026 → 200 (182ms, 32152B)
[2026-06-21T07:49:22.106Z] GET http://localhost:5173/src/pages/RpePage.tsx?t=1782028162026 → 200 (195ms, 26008B)
[2026-06-21T07:49:22.106Z] GET http://localhost:5173/src/pages/WeeklyReport.tsx?t=1782028162026 → 200 (195ms, 27392B)
[2026-06-21T07:49:22.238Z] GET http://localhost:5173/src/lib/api.ts?t=1782028162026 → pending (?ms, ?B)
[2026-06-21T07:49:30.583Z] GET http://localhost:5173/src/index.css?t=1782028170581 → 200 (34ms, 29677B)
[2026-06-21T07:49:30.583Z] GET http://localhost:5173/src/pages/Dashboard.tsx?t=1782028170581 → 200 (8ms, 39336B)
[2026-06-21T07:49:30.583Z] GET http://localhost:5173/src/components/Sidebar.tsx?t=1782028170581 → 200 (8ms, 16074B)
[2026-06-21T07:49:30.583Z] GET http://localhost:5173/src/pages/PlayerProfile.tsx?t=1782028170581 → 200 (8ms, 55770B)
[2026-06-21T07:49:30.583Z] GET http://localhost:5173/src/pages/DailyReport.tsx?t=1782028170581 → 200 (12ms, 34279B)
[2026-06-21T07:49:30.583Z] GET http://localhost:5173/src/pages/AcwrPage.tsx?t=1782028170581 → 200 (12ms, 32152B)
[2026-06-21T07:49:30.583Z] GET http://localhost:5173/src/pages/RpePage.tsx?t=1782028170581 → 200 (13ms, 26008B)
[2026-06-21T07:49:30.583Z] GET http://localhost:5173/src/pages/WeeklyReport.tsx?t=1782028170581 → 200 (13ms, 27392B)
[2026-06-21T07:49:30.591Z] GET http://localhost:5173/src/lib/api.ts?t=1782028170581 → 200 (34ms, 28874B)
[2026-06-21T07:49:37.639Z] GET http://localhost:5173/src/index.css?t=1782028177637 → 200 (38ms, 29677B)
[2026-06-21T07:49:37.639Z] GET http://localhost:5173/src/pages/Dashboard.tsx?t=1782028177637 → 200 (3ms, 39336B)
[2026-06-21T07:49:37.639Z] GET http://localhost:5173/src/components/Sidebar.tsx?t=1782028177637 → 200 (5ms, 16074B)
[2026-06-21T07:49:37.639Z] GET http://localhost:5173/src/pages/PlayerProfile.tsx?t=1782028177637 → 200 (2ms, 55770B)
[2026-06-21T07:49:37.639Z] GET http://localhost:5173/src/pages/DailyReport.tsx?t=1782028177637 → 200 (7ms, 34279B)
[2026-06-21T07:49:37.639Z] GET http://localhost:5173/src/pages/AcwrPage.tsx?t=1782028177637 → 200 (3ms, 32152B)
[2026-06-21T07:49:37.639Z] GET http://localhost:5173/src/pages/RpePage.tsx?t=1782028177637 → 200 (3ms, 26008B)
[2026-06-21T07:49:37.639Z] GET http://localhost:5173/src/pages/WeeklyReport.tsx?t=1782028177637 → 200 (5ms, 27392B)
[2026-06-21T07:49:37.642Z] GET http://localhost:5173/src/lib/api.ts?t=1782028177637 → 200 (54ms, 29655B)
[2026-06-21T07:49:49.047Z] GET http://localhost:5173/src/index.css?t=1782028189039 → 200 (29ms, 29677B)
[2026-06-21T07:49:49.047Z] GET http://localhost:5173/src/pages/Dashboard.tsx?t=1782028189039 → 200 (4ms, 39336B)
[2026-06-21T07:49:49.047Z] GET http://localhost:5173/src/components/Sidebar.tsx?t=1782028189039 → 200 (5ms, 16074B)
[2026-06-21T07:49:49.047Z] GET http://localhost:5173/src/pages/PlayerProfile.tsx?t=1782028189039 → 200 (6ms, 55770B)
[2026-06-21T07:49:49.047Z] GET http://localhost:5173/src/pages/DailyReport.tsx?t=1782028189039 → 200 (6ms, 34279B)
[2026-06-21T07:49:49.047Z] GET http://localhost:5173/src/pages/AcwrPage.tsx?t=1782028189039 → 200 (7ms, 32152B)
[2026-06-21T07:49:49.047Z] GET http://localhost:5173/src/pages/RpePage.tsx?t=1782028189039 → 200 (7ms, 26008B)
[2026-06-21T07:49:49.047Z] GET http://localhost:5173/src/pages/WeeklyReport.tsx?t=1782028189039 → 200 (7ms, 27392B)
[2026-06-21T07:49:49.052Z] GET http://localhost:5173/src/lib/api.ts?t=1782028189039 → 200 (38ms, 30378B)
[2026-06-21T07:50:02.064Z] GET http://localhost:5173/ → 200 (12ms, 639B)
[2026-06-21T07:50:02.125Z] GET http://localhost:5173/@vite/client → 200 (24ms, ?B)
[2026-06-21T07:50:02.125Z] GET http://localhost:5173/src/main.tsx?t=1782028189039 → 200 (5ms, 1655B)
[2026-06-21T07:50:02.130Z] GET http://localhost:5173/@react-refresh → 200 (19ms, ?B)
[2026-06-21T07:50:02.130Z] GET http://localhost:5173/node_modules/.vite/deps/react.js?v=33ed930e → 200 (1ms, -263B)
[2026-06-21T07:50:02.131Z] GET http://localhost:5173/node_modules/.vite/deps/react-dom_client.js?v=33ed930e → 200 (?ms, -265B)
[2026-06-21T07:50:02.131Z] GET http://localhost:5173/src/index.css?t=1782028189039 → 200 (11ms, ?B)
[2026-06-21T07:50:02.131Z] GET http://localhost:5173/src/App.tsx?t=1782028189039 → 200 (18ms, 9022B)
[2026-06-21T07:50:02.131Z] GET http://localhost:5173/node_modules/.vite/deps/react_jsx-dev-runtime.js?v=33ed930e → 200 (?ms, -263B)
[2026-06-21T07:50:02.131Z] GET http://localhost:5173/node_modules/.vite/deps/chunk-B-1-B7_t.js?v=33ed930e → 200 (?ms, -261B)
[2026-06-21T07:50:02.132Z] GET http://localhost:5173/node_modules/.vite/deps/react-dom.js?v=33ed930e → 200 (?ms, -263B)
[2026-06-21T07:50:02.150Z] GET http://localhost:5173/node_modules/.vite/deps/react-router-dom.js?v=33ed930e → 200 (?ms, -265B)
[2026-06-21T07:50:02.150Z] GET http://localhost:5173/src/components/TopNav.tsx?t=1782027746486 → 200 (2ms, ?B)
[2026-06-21T07:50:02.150Z] GET http://localhost:5173/src/components/Sidebar.tsx?t=1782028189039 → 200 (2ms, ?B)
[2026-06-21T07:50:02.150Z] GET http://localhost:5173/src/pages/Dashboard.tsx?t=1782028189039 → 200 (7ms, ?B)
[2026-06-21T07:50:02.150Z] GET http://localhost:5173/src/pages/DailyReport.tsx?t=1782028189039 → 200 (7ms, ?B)
[2026-06-21T07:50:02.150Z] GET http://localhost:5173/src/pages/WeeklyReport.tsx?t=1782028189039 → 200 (7ms, ?B)
[2026-06-21T07:50:02.150Z] GET http://localhost:5173/src/pages/AcwrPage.tsx?t=1782028189039 → 200 (7ms, ?B)
[2026-06-21T07:50:02.150Z] GET http://localhost:5173/src/pages/RpePage.tsx?t=1782028189039 → 200 (7ms, ?B)
[2026-06-21T07:50:02.150Z] GET http://localhost:5173/src/pages/Upload.tsx → 200 (10ms, ?B)
[2026-06-21T07:50:02.150Z] GET http://localhost:5173/src/pages/PlayerProfile.tsx?t=1782028189039 → 200 (14ms, ?B)
[2026-06-21T07:50:02.150Z] GET http://localhost:5173/node_modules/vite/dist/client/env.mjs → 200 (13ms, ?B)
[2026-06-21T07:50:02.156Z] GET http://localhost:5173/src/lib/api.ts?t=1782028189039 → 200 (8ms, ?B)
[2026-06-21T07:50:02.156Z] GET http://localhost:5173/src/utils/calculations.ts → 200 (11ms, ?B)
[2026-06-21T07:50:02.157Z] GET http://localhost:5173/node_modules/.vite/deps/recharts.js?v=33ed930e → 200 (?ms, -267B)
[2026-06-21T07:50:02.157Z] GET http://localhost:5173/src/components/StatCard.tsx → 200 (13ms, ?B)
[2026-06-21T07:50:02.164Z] GET http://localhost:5173/src/utils/csvParser.ts → 200 (6ms, ?B)
[2026-06-21T07:50:02.164Z] GET http://localhost:5173/src/lib/store.ts → 200 (8ms, ?B)
[2026-06-21T07:50:02.170Z] GET http://localhost:5173/src/lib/supabase.ts → 200 (6ms, ?B)
[2026-06-21T07:50:02.176Z] GET http://localhost:5173/node_modules/.vite/deps/papaparse.js?v=33ed930e → 200 (?ms, -263B)
[2026-06-21T07:50:02.176Z] GET http://localhost:5173/node_modules/.vite/deps/@supabase_supabase-js.js?v=33ed930e → 200 (?ms, -265B)
[2026-06-21T07:50:02.258Z] GET https://ftockzbsceolvwztojpx.supabase.co/rest/v1/players?select=id%2Cname%2Cmaturity_status&order=name.asc → pending (?ms, ?B)
[2026-06-21T07:50:02.258Z] GET https://ftockzbsceolvwztojpx.supabase.co/rest/v1/players?select=*&order=name.asc → pending (?ms, ?B)
[2026-06-21T07:50:02.258Z] GET https://ftockzbsceolvwztojpx.supabase.co/rest/v1/training_daily?select=training_date%2Ctotal_distance%2Chsr_distance%2Csprint_distance%2Crpe&training_date=gte.2026-04-22&order=training_date.asc&offset=0&limit=1000 → pending (?ms, ?B)
[2026-06-21T07:50:02.258Z] GET https://ftockzbsceolvwztojpx.supabase.co/rest/v1/players?select=id%2Cname%2Cmaturity_status&order=name.asc → pending (?ms, ?B)
[2026-06-21T07:50:02.258Z] GET https://ftockzbsceolvwztojpx.supabase.co/rest/v1/players?select=*&order=name.asc → pending (?ms, ?B)
[2026-06-21T07:50:02.258Z] GET https://ftockzbsceolvwztojpx.supabase.co/rest/v1/training_daily?select=training_date%2Ctotal_distance%2Chsr_distance%2Csprint_distance%2Crpe&training_date=gte.2026-04-22&order=training_date.asc&offset=0&limit=1000 → pending (?ms, ?B)
[2026-06-21T07:50:02.418Z] GET http://localhost:5173/ → 200 (?ms, 639B)
[2026-06-21T07:50:02.419Z] GET http://localhost:5173/@vite/client → 304 (?ms, ?B)
[2026-06-21T07:50:02.419Z] GET http://localhost:5173/src/main.tsx?t=1782028202362 → 200 (1ms, 1655B)
[2026-06-21T07:50:02.419Z] GET http://localhost:5173/@react-refresh → 304 (1ms, ?B)
[2026-06-21T07:50:02.420Z] GET http://localhost:5173/node_modules/vite/dist/client/env.mjs → 304 (2ms, ?B)
[2026-06-21T07:50:02.420Z] GET http://localhost:5173/node_modules/.vite/deps/react.js?v=33ed930e → 200 (?ms, -263B)
[2026-06-21T07:50:02.420Z] GET http://localhost:5173/node_modules/.vite/deps/react-dom_client.js?v=33ed930e → 200 (?ms, -265B)
[2026-06-21T07:50:02.421Z] GET http://localhost:5173/src/index.css?t=1782028202362 → 200 (12ms, 29677B)
[2026-06-21T07:50:02.421Z] GET http://localhost:5173/src/App.tsx?t=1782028189039 → 304 (5ms, ?B)
[2026-06-21T07:50:02.421Z] GET http://localhost:5173/node_modules/.vite/deps/react_jsx-dev-runtime.js?v=33ed930e → 200 (?ms, -263B)
[2026-06-21T07:50:02.421Z] GET http://localhost:5173/node_modules/.vite/deps/chunk-B-1-B7_t.js?v=33ed930e → 200 (?ms, -261B)
[2026-06-21T07:50:02.421Z] GET http://localhost:5173/node_modules/.vite/deps/react-dom.js?v=33ed930e → 200 (?ms, -263B)
[2026-06-21T07:50:02.427Z] GET http://localhost:5173/node_modules/.vite/deps/react-router-dom.js?v=33ed930e → 200 (?ms, -265B)
[2026-06-21T07:50:02.427Z] GET http://localhost:5173/src/components/TopNav.tsx?t=1782027746486 → 304 (6ms, ?B)
[2026-06-21T07:50:02.427Z] GET http://localhost:5173/src/components/Sidebar.tsx?t=1782028189039 → 304 (7ms, ?B)
[2026-06-21T07:50:02.427Z] GET http://localhost:5173/src/pages/Dashboard.tsx?t=1782028189039 → 304 (7ms, ?B)
[2026-06-21T07:50:02.427Z] GET http://localhost:5173/src/pages/DailyReport.tsx?t=1782028189039 → 304 (7ms, ?B)
[2026-06-21T07:50:02.427Z] GET http://localhost:5173/src/pages/WeeklyReport.tsx?t=1782028189039 → 304 (7ms, ?B)
[2026-06-21T07:50:02.427Z] GET http://localhost:5173/src/pages/AcwrPage.tsx?t=1782028189039 → 304 (7ms, ?B)
[2026-06-21T07:50:02.429Z] GET http://localhost:5173/src/pages/RpePage.tsx?t=1782028189039 → 304 (11ms, ?B)
[2026-06-21T07:50:02.429Z] GET http://localhost:5173/src/pages/Upload.tsx → 304 (10ms, ?B)
[2026-06-21T07:50:02.429Z] GET http://localhost:5173/src/pages/PlayerProfile.tsx?t=1782028189039 → 304 (10ms, ?B)
[2026-06-21T07:50:02.434Z] GET http://localhost:5173/src/lib/api.ts?t=1782028189039 → 304 (6ms, ?B)
[2026-06-21T07:50:02.434Z] GET http://localhost:5173/src/utils/calculations.ts → 304 (6ms, ?B)
[2026-06-21T07:50:02.434Z] GET http://localhost:5173/node_modules/.vite/deps/recharts.js?v=33ed930e → 200 (?ms, -267B)
[2026-06-21T07:50:02.434Z] GET http://localhost:5173/src/components/StatCard.tsx → 304 (6ms, ?B)
[2026-06-21T07:50:02.439Z] GET http://localhost:5173/src/utils/csvParser.ts → 304 (2ms, ?B)
[2026-06-21T07:50:02.439Z] GET http://localhost:5173/src/lib/store.ts → 304 (3ms, ?B)
[2026-06-21T07:50:02.440Z] GET http://localhost:5173/src/lib/supabase.ts → 304 (5ms, ?B)
[2026-06-21T07:50:02.442Z] GET http://localhost:5173/node_modules/.vite/deps/papaparse.js?v=33ed930e → 200 (?ms, -263B)
[2026-06-21T07:50:02.446Z] GET http://localhost:5173/node_modules/.vite/deps/@supabase_supabase-js.js?v=33ed930e → 200 (?ms, -265B)
[2026-06-21T07:50:02.481Z] GET https://ftockzbsceolvwztojpx.supabase.co/rest/v1/players?select=id%2Cname%2Cmaturity_status&order=name.asc → pending (?ms, ?B)
[2026-06-21T07:50:02.482Z] GET https://ftockzbsceolvwztojpx.supabase.co/rest/v1/players?select=*&order=name.asc → pending (?ms, ?B)
[2026-06-21T07:50:02.482Z] GET https://ftockzbsceolvwztojpx.supabase.co/rest/v1/training_daily?select=training_date%2Ctotal_distance%2Chsr_distance%2Csprint_distance%2Crpe&training_date=gte.2026-04-22&order=training_date.asc&offset=0&limit=1000 → pending (?ms, ?B)
[2026-06-21T07:50:02.482Z] GET https://ftockzbsceolvwztojpx.supabase.co/rest/v1/players?select=id%2Cname%2Cmaturity_status&order=name.asc → pending (?ms, ?B)
[2026-06-21T07:50:02.482Z] GET https://ftockzbsceolvwztojpx.supabase.co/rest/v1/players?select=*&order=name.asc → pending (?ms, ?B)
[2026-06-21T07:50:02.482Z] GET https://ftockzbsceolvwztojpx.supabase.co/rest/v1/training_daily?select=training_date%2Ctotal_distance%2Chsr_distance%2Csprint_distance%2Crpe&training_date=gte.2026-04-22&order=training_date.asc&offset=0&limit=1000 → pending (?ms, ?B)
[2026-06-21T07:50:02.594Z] GET https://ftockzbsceolvwztojpx.supabase.co/rest/v1/acwr_daily?select=date&order=date.desc&limit=1 → 200 (170ms, 781B)
[2026-06-21T07:50:02.763Z] GET https://ftockzbsceolvwztojpx.supabase.co/rest/v1/training_daily?select=training_date%2Ctotal_distance%2Chsr_distance%2Csprint_distance%2Crpe&training_date=gte.2026-04-22&order=training_date.asc&offset=1000&limit=1000 → 200 (419ms, 4936B)
[2026-06-21T07:50:02.764Z] GET https://ftockzbsceolvwztojpx.supabase.co/rest/v1/acwr_daily?select=date&order=date.desc&limit=1 → 200 (478ms, 782B)
[2026-06-21T07:50:02.766Z] GET https://ftockzbsceolvwztojpx.supabase.co/rest/v1/acwr_daily?select=date&order=date.desc&limit=1 → 200 (210ms, 783B)
[2026-06-21T07:50:02.766Z] GET https://ftockzbsceolvwztojpx.supabase.co/rest/v1/acwr_daily?select=player_id%2Cacwr%2Cdata_sufficient&date=eq.2026-06-19 → 200 (129ms, 12164B)
[2026-06-21T07:50:02.785Z] GET https://ftockzbsceolvwztojpx.supabase.co/rest/v1/training_daily?select=training_date%2Ctotal_distance%2Chsr_distance%2Csprint_distance%2Crpe&training_date=gte.2026-04-22&order=training_date.asc&offset=1000&limit=1000 → 200 (293ms, 4937B)
[2026-06-21T07:50:02.868Z] GET https://ftockzbsceolvwztojpx.supabase.co/rest/v1/acwr_daily?select=date&order=date.desc&limit=1 → 200 (8ms, 781B)
[2026-06-21T07:50:02.876Z] GET https://ftockzbsceolvwztojpx.supabase.co/rest/v1/acwr_daily?select=*&date=eq.2026-06-19 → 200 (177ms, 30700B)
[2026-06-21T07:50:02.900Z] GET https://ftockzbsceolvwztojpx.supabase.co/rest/v1/training_daily?select=player_id&offset=0&limit=1000 → 200 (135ms, 1343B)
[2026-06-21T07:50:02.976Z] GET https://ftockzbsceolvwztojpx.supabase.co/rest/v1/acwr_daily?select=player_id%2Cacwr%2Cdata_sufficient&date=eq.2026-06-19 → 200 (105ms, 12162B)
[2026-06-21T07:50:03.035Z] GET https://ftockzbsceolvwztojpx.supabase.co/rest/v1/training_daily?select=player_id&offset=1000&limit=1000 → 200 (153ms, 1369B)
[2026-06-21T07:50:03.084Z] GET https://ftockzbsceolvwztojpx.supabase.co/rest/v1/training_daily?select=player_id%2Cdaily_training_load%2Ctraining_date&daily_training_load=not.is.null&order=training_date.desc&limit=455 → 200 (112ms, 8306B)
[2026-06-21T07:50:03.085Z] GET https://ftockzbsceolvwztojpx.supabase.co/rest/v1/training_daily?select=player_id&offset=0&limit=1000 → 200 (110ms, 1344B)
[2026-06-21T07:50:03.188Z] GET https://ftockzbsceolvwztojpx.supabase.co/rest/v1/training_daily?select=player_id&offset=2000&limit=1000 → pending (?ms, ?B)
[2026-06-21T07:50:03.195Z] GET https://ftockzbsceolvwztojpx.supabase.co/rest/v1/training_daily?select=player_id&offset=1000&limit=1000 → pending (?ms, ?B)
[2026-06-21T07:50:03.897Z] GET https://ftockzbsceolvwztojpx.supabase.co/rest/v1/acwr_daily?select=*&date=eq.2026-06-19 → 200 (197ms, 30690B)
[2026-06-21T07:50:03.899Z] GET https://ftockzbsceolvwztojpx.supabase.co/rest/v1/training_daily?select=player_id&offset=2000&limit=1000 → 200 (129ms, 1299B)
[2026-06-21T07:50:03.899Z] GET https://ftockzbsceolvwztojpx.supabase.co/rest/v1/training_daily?select=player_id&offset=3000&limit=1000 → 200 (138ms, 1433B)
[2026-06-21T07:50:04.038Z] GET https://ftockzbsceolvwztojpx.supabase.co/rest/v1/training_daily?select=player_id&offset=3000&limit=1000 → 200 (118ms, 1433B)
[2026-06-21T07:50:04.104Z] GET https://ftockzbsceolvwztojpx.supabase.co/rest/v1/training_daily?select=player_id%2Cdaily_training_load%2Ctraining_date&daily_training_load=not.is.null&order=training_date.desc&limit=455 → 200 (132ms, 8303B)
[2026-06-21T07:50:08.698Z] GET http://localhost:5173/ → 200 (3ms, 639B)
[2026-06-21T07:50:08.705Z] GET http://localhost:5173/@vite/client → 200 (8ms, ?B)
[2026-06-21T07:50:08.705Z] GET http://localhost:5173/src/main.tsx?t=1782028208676 → 200 (7ms, 1655B)
[2026-06-21T07:50:08.705Z] GET http://localhost:5173/@react-refresh → 200 (8ms, ?B)
[2026-06-21T07:50:08.712Z] GET http://localhost:5173/node_modules/.vite/deps/react.js?v=33ed930e → 200 (1ms, -263B)
[2026-06-21T07:50:08.713Z] GET http://localhost:5173/node_modules/.vite/deps/react-dom_client.js?v=33ed930e → 200 (?ms, -265B)
[2026-06-21T07:50:08.713Z] GET http://localhost:5173/src/index.css?t=1782028208676 → 200 (46ms, 29677B)
[2026-06-21T07:50:08.713Z] GET http://localhost:5173/src/App.tsx?t=1782028189039 → 200 (27ms, ?B)
[2026-06-21T07:50:08.713Z] GET http://localhost:5173/node_modules/.vite/deps/react_jsx-dev-runtime.js?v=33ed930e → 200 (?ms, -263B)
[2026-06-21T07:50:08.713Z] GET http://localhost:5173/node_modules/.vite/deps/chunk-B-1-B7_t.js?v=33ed930e → 200 (?ms, -261B)
[2026-06-21T07:50:08.713Z] GET http://localhost:5173/node_modules/.vite/deps/react-dom.js?v=33ed930e → 200 (?ms, -263B)
[2026-06-21T07:50:08.713Z] GET http://localhost:5173/node_modules/vite/dist/client/env.mjs → 200 (27ms, ?B)
[2026-06-21T07:50:08.740Z] GET http://localhost:5173/node_modules/.vite/deps/react-router-dom.js?v=33ed930e → 200 (1ms, -265B)
[2026-06-21T07:50:08.741Z] GET http://localhost:5173/src/components/TopNav.tsx?t=1782027746486 → 200 (5ms, ?B)
[2026-06-21T07:50:08.741Z] GET http://localhost:5173/src/components/Sidebar.tsx?t=1782028189039 → 200 (5ms, ?B)
[2026-06-21T07:50:08.741Z] GET http://localhost:5173/src/pages/Dashboard.tsx?t=1782028189039 → 200 (8ms, ?B)
[2026-06-21T07:50:08.741Z] GET http://localhost:5173/src/pages/DailyReport.tsx?t=1782028189039 → 200 (9ms, ?B)
[2026-06-21T07:50:08.741Z] GET http://localhost:5173/src/pages/WeeklyReport.tsx?t=1782028189039 → 200 (9ms, ?B)
[2026-06-21T07:50:08.741Z] GET http://localhost:5173/src/pages/AcwrPage.tsx?t=1782028189039 → 200 (14ms, ?B)
[2026-06-21T07:50:08.741Z] GET http://localhost:5173/src/pages/RpePage.tsx?t=1782028189039 → 200 (14ms, ?B)
[2026-06-21T07:50:08.741Z] GET http://localhost:5173/src/pages/Upload.tsx → 200 (16ms, ?B)
[2026-06-21T07:50:08.741Z] GET http://localhost:5173/src/pages/PlayerProfile.tsx?t=1782028189039 → 200 (16ms, ?B)
[2026-06-21T07:50:08.747Z] GET http://localhost:5173/src/lib/api.ts?t=1782028189039 → 200 (16ms, ?B)
[2026-06-21T07:50:08.747Z] GET http://localhost:5173/src/utils/calculations.ts → 200 (13ms, ?B)
[2026-06-21T07:50:08.749Z] GET http://localhost:5173/node_modules/.vite/deps/recharts.js?v=33ed930e → 200 (1ms, -267B)
[2026-06-21T07:50:08.750Z] GET http://localhost:5173/src/components/StatCard.tsx → 200 (10ms, ?B)
[2026-06-21T07:50:08.757Z] GET http://localhost:5173/src/utils/csvParser.ts → 200 (5ms, ?B)
[2026-06-21T07:50:08.757Z] GET http://localhost:5173/src/lib/store.ts → 200 (3ms, ?B)
[2026-06-21T07:50:08.763Z] GET http://localhost:5173/node_modules/.vite/deps/papaparse.js?v=33ed930e → 200 (?ms, -263B)
[2026-06-21T07:50:08.763Z] GET http://localhost:5173/src/lib/supabase.ts → 200 (2ms, ?B)
[2026-06-21T07:50:08.765Z] GET http://localhost:5173/node_modules/.vite/deps/@supabase_supabase-js.js?v=33ed930e → 200 (?ms, -265B)
[2026-06-21T07:50:08.772Z] GET https://ftockzbsceolvwztojpx.supabase.co/rest/v1/players?select=id%2Cname%2Cmaturity_status&order=name.asc → 200 (282ms, 2924B)
[2026-06-21T07:50:08.772Z] GET https://ftockzbsceolvwztojpx.supabase.co/rest/v1/players?select=*&order=name.asc → 200 (286ms, 4559B)
[2026-06-21T07:50:08.772Z] GET https://ftockzbsceolvwztojpx.supabase.co/rest/v1/training_daily?select=training_date%2Ctotal_distance%2Chsr_distance%2Csprint_distance%2Crpe&training_date=gte.2026-04-22&order=training_date.asc&offset=0&limit=1000 → 200 (300ms, 11465B)
[2026-06-21T07:50:08.772Z] GET https://ftockzbsceolvwztojpx.supabase.co/rest/v1/players?select=id%2Cname%2Cmaturity_status&order=name.asc → 200 (183ms, 2924B)
[2026-06-21T07:50:08.772Z] GET https://ftockzbsceolvwztojpx.supabase.co/rest/v1/players?select=*&order=name.asc → 200 (184ms, 4560B)
[2026-06-21T07:50:08.772Z] GET https://ftockzbsceolvwztojpx.supabase.co/rest/v1/training_daily?select=training_date%2Ctotal_distance%2Chsr_distance%2Csprint_distance%2Crpe&training_date=gte.2026-04-22&order=training_date.asc&offset=0&limit=1000 → 200 (184ms, 11462B)
[2026-06-21T07:50:08.956Z] GET https://ftockzbsceolvwztojpx.supabase.co/rest/v1/acwr_daily?select=date&order=date.desc&limit=1 → 200 (442ms, 781B)
[2026-06-21T07:50:08.956Z] GET https://ftockzbsceolvwztojpx.supabase.co/rest/v1/acwr_daily?select=date&order=date.desc&limit=1 → 200 (321ms, 781B)
[2026-06-21T07:50:08.956Z] GET https://ftockzbsceolvwztojpx.supabase.co/rest/v1/training_daily?select=training_date%2Ctotal_distance%2Chsr_distance%2Csprint_distance%2Crpe&training_date=gte.2026-04-22&order=training_date.asc&offset=1000&limit=1000 → 200 (109ms, 4937B)
[2026-06-21T07:50:09.054Z] GET https://ftockzbsceolvwztojpx.supabase.co/rest/v1/acwr_daily?select=date&order=date.desc&limit=1 → 200 (123ms, 782B)
[2026-06-21T07:50:09.058Z] GET https://ftockzbsceolvwztojpx.supabase.co/rest/v1/acwr_daily?select=date&order=date.desc&limit=1 → 200 (11ms, 783B)
[2026-06-21T07:50:09.069Z] GET https://ftockzbsceolvwztojpx.supabase.co/rest/v1/acwr_daily?select=player_id%2Cacwr%2Cdata_sufficient&date=eq.2026-06-19 → 200 (120ms, 12161B)
[2026-06-21T07:50:09.074Z] GET https://ftockzbsceolvwztojpx.supabase.co/rest/v1/training_daily?select=training_date%2Ctotal_distance%2Chsr_distance%2Csprint_distance%2Crpe&training_date=gte.2026-04-22&order=training_date.asc&offset=1000&limit=1000 → 200 (115ms, 4936B)
[2026-06-21T07:50:09.178Z] GET https://ftockzbsceolvwztojpx.supabase.co/rest/v1/acwr_daily?select=*&date=eq.2026-06-19 → 200 (171ms, 30688B)
[2026-06-21T07:50:09.198Z] GET https://ftockzbsceolvwztojpx.supabase.co/rest/v1/training_daily?select=player_id&offset=0&limit=1000 → 200 (99ms, 1345B)
[2026-06-21T07:50:09.277Z] GET https://ftockzbsceolvwztojpx.supabase.co/rest/v1/acwr_daily?select=player_id%2Cacwr%2Cdata_sufficient&date=eq.2026-06-19 → 200 (125ms, 12161B)
[2026-06-21T07:50:09.297Z] GET https://ftockzbsceolvwztojpx.supabase.co/rest/v1/training_daily?select=player_id&offset=1000&limit=1000 → 200 (99ms, 1368B)
[2026-06-21T07:50:09.355Z] GET https://ftockzbsceolvwztojpx.supabase.co/rest/v1/training_daily?select=player_id%2Cdaily_training_load%2Ctraining_date&daily_training_load=not.is.null&order=training_date.desc&limit=455 → 200 (123ms, 8300B)
[2026-06-21T07:50:09.396Z] GET https://ftockzbsceolvwztojpx.supabase.co/rest/v1/training_daily?select=player_id&offset=2000&limit=1000 → 200 (111ms, ?B)
[2026-06-21T07:50:09.398Z] GET https://ftockzbsceolvwztojpx.supabase.co/rest/v1/acwr_daily?select=*&date=eq.2026-06-19 → pending (?ms, ?B)
[2026-06-21T07:50:09.402Z] GET https://ftockzbsceolvwztojpx.supabase.co/rest/v1/training_daily?select=player_id&offset=0&limit=1000 → pending (?ms, ?B)
[2026-06-21T07:50:09.632Z] GET https://ftockzbsceolvwztojpx.supabase.co/rest/v1/training_daily?select=player_id&offset=3000&limit=1000 → 200 (120ms, 1433B)
[2026-06-21T07:50:09.633Z] GET https://ftockzbsceolvwztojpx.supabase.co/rest/v1/training_daily?select=player_id&offset=1000&limit=1000 → 200 (119ms, 1368B)
[2026-06-21T07:50:09.633Z] GET https://ftockzbsceolvwztojpx.supabase.co/rest/v1/training_daily?select=player_id%2Cdaily_training_load%2Ctraining_date&daily_training_load=not.is.null&order=training_date.desc&limit=455 → 200 (127ms, 8306B)
[2026-06-21T07:50:09.753Z] GET https://ftockzbsceolvwztojpx.supabase.co/rest/v1/training_daily?select=player_id&offset=2000&limit=1000 → 200 (109ms, 1301B)
[2026-06-21T07:50:09.862Z] GET https://ftockzbsceolvwztojpx.supabase.co/rest/v1/training_daily?select=player_id&offset=3000&limit=1000 → 200 (110ms, 1430B)
[2026-06-21T07:50:25.523Z] GET http://localhost:5173/ → 200 (4ms, 639B)
[2026-06-21T07:50:25.540Z] GET http://localhost:5173/@vite/client → 200 (9ms, ?B)
[2026-06-21T07:50:25.540Z] GET http://localhost:5173/src/main.tsx?t=1782028225500 → 200 (1ms, 1655B)
[2026-06-21T07:50:25.540Z] GET http://localhost:5173/@react-refresh → 200 (5ms, ?B)
[2026-06-21T07:50:25.542Z] GET http://localhost:5173/node_modules/.vite/deps/react.js?v=33ed930e → 200 (?ms, -263B)
[2026-06-21T07:50:25.542Z] GET http://localhost:5173/node_modules/.vite/deps/react-dom_client.js?v=33ed930e → 200 (?ms, -265B)
[2026-06-21T07:50:25.542Z] GET http://localhost:5173/src/index.css?t=1782028225500 → pending (?ms, ?B)
[2026-06-21T07:50:25.542Z] GET http://localhost:5173/src/App.tsx?t=1782028189039 → 200 (28ms, ?B)
[2026-06-21T07:50:25.542Z] GET http://localhost:5173/node_modules/.vite/deps/react_jsx-dev-runtime.js?v=33ed930e → 200 (?ms, -263B)
[2026-06-21T07:50:25.542Z] GET http://localhost:5173/node_modules/.vite/deps/chunk-B-1-B7_t.js?v=33ed930e → 200 (?ms, -261B)
[2026-06-21T07:50:25.543Z] GET http://localhost:5173/node_modules/.vite/deps/react-dom.js?v=33ed930e → 200 (?ms, -263B)
[2026-06-21T07:50:25.549Z] GET http://localhost:5173/node_modules/vite/dist/client/env.mjs → 200 (16ms, ?B)
[2026-06-21T07:50:25.594Z] GET http://localhost:5173/node_modules/.vite/deps/react-router-dom.js?v=33ed930e → 200 (?ms, -265B)
[2026-06-21T07:50:25.594Z] GET http://localhost:5173/src/components/TopNav.tsx?t=1782027746486 → 200 (2ms, ?B)
[2026-06-21T07:50:25.594Z] GET http://localhost:5173/src/components/Sidebar.tsx?t=1782028189039 → 200 (2ms, ?B)
[2026-06-21T07:50:25.594Z] GET http://localhost:5173/src/pages/Dashboard.tsx?t=1782028189039 → 200 (3ms, ?B)
[2026-06-21T07:50:25.594Z] GET http://localhost:5173/src/pages/DailyReport.tsx?t=1782028189039 → 200 (3ms, ?B)
[2026-06-21T07:50:25.595Z] GET http://localhost:5173/src/pages/WeeklyReport.tsx?t=1782028189039 → 200 (2ms, ?B)
[2026-06-21T07:50:25.595Z] GET http://localhost:5173/src/pages/AcwrPage.tsx?t=1782028189039 → 200 (3ms, ?B)
[2026-06-21T07:50:25.595Z] GET http://localhost:5173/src/pages/RpePage.tsx?t=1782028189039 → 200 (3ms, ?B)
[2026-06-21T07:50:25.595Z] GET http://localhost:5173/src/pages/Upload.tsx → 200 (5ms, ?B)
[2026-06-21T07:50:25.595Z] GET http://localhost:5173/src/pages/PlayerProfile.tsx?t=1782028189039 → 200 (3ms, ?B)
[2026-06-21T07:50:25.596Z] GET http://localhost:5173/src/lib/api.ts?t=1782028189039 → 200 (8ms, ?B)
[2026-06-21T07:50:25.596Z] GET http://localhost:5173/src/utils/calculations.ts → 200 (5ms, ?B)
[2026-06-21T07:50:25.597Z] GET http://localhost:5173/node_modules/.vite/deps/recharts.js?v=33ed930e → 200 (?ms, -267B)
[2026-06-21T07:50:25.597Z] GET http://localhost:5173/src/components/StatCard.tsx → 200 (7ms, ?B)
[2026-06-21T07:50:25.600Z] GET http://localhost:5173/src/utils/csvParser.ts → 200 (2ms, ?B)
[2026-06-21T07:50:25.601Z] GET http://localhost:5173/src/lib/store.ts → 200 (1ms, ?B)
[2026-06-21T07:50:25.602Z] GET http://localhost:5173/node_modules/.vite/deps/papaparse.js?v=33ed930e → 200 (?ms, -263B)
[2026-06-21T07:50:25.604Z] GET http://localhost:5173/src/lib/supabase.ts → 200 (?ms, ?B)
[2026-06-21T07:50:25.606Z] GET http://localhost:5173/node_modules/.vite/deps/@supabase_supabase-js.js?v=33ed930e → 200 (?ms, -265B)
[2026-06-21T07:50:25.616Z] GET https://ftockzbsceolvwztojpx.supabase.co/rest/v1/players?select=id%2Cname%2Cmaturity_status&order=name.asc → 200 (274ms, 2924B)
[2026-06-21T07:50:25.616Z] GET https://ftockzbsceolvwztojpx.supabase.co/rest/v1/players?select=*&order=name.asc → 200 (327ms, 4563B)
[2026-06-21T07:50:25.616Z] GET https://ftockzbsceolvwztojpx.supabase.co/rest/v1/training_daily?select=training_date%2Ctotal_distance%2Chsr_distance%2Csprint_distance%2Crpe&training_date=gte.2026-04-22&order=training_date.asc&offset=0&limit=1000 → 200 (373ms, 11465B)
[2026-06-21T07:50:25.616Z] GET https://ftockzbsceolvwztojpx.supabase.co/rest/v1/players?select=id%2Cname%2Cmaturity_status&order=name.asc → 200 (173ms, 2927B)
[2026-06-21T07:50:25.616Z] GET https://ftockzbsceolvwztojpx.supabase.co/rest/v1/players?select=*&order=name.asc → 200 (177ms, 4559B)
[2026-06-21T07:50:25.617Z] GET https://ftockzbsceolvwztojpx.supabase.co/rest/v1/training_daily?select=training_date%2Ctotal_distance%2Chsr_distance%2Csprint_distance%2Crpe&training_date=gte.2026-04-22&order=training_date.asc&offset=0&limit=1000 → 200 (186ms, 11462B)
[2026-06-21T07:50:25.791Z] GET https://ftockzbsceolvwztojpx.supabase.co/rest/v1/acwr_daily?select=date&order=date.desc&limit=1 → 200 (465ms, 783B)
[2026-06-21T07:50:25.793Z] GET https://ftockzbsceolvwztojpx.supabase.co/rest/v1/acwr_daily?select=date&order=date.desc&limit=1 → 200 (351ms, 782B)
[2026-06-21T07:50:25.810Z] GET https://ftockzbsceolvwztojpx.supabase.co/rest/v1/training_daily?select=training_date%2Ctotal_distance%2Chsr_distance%2Csprint_distance%2Crpe&training_date=gte.2026-04-22&order=training_date.asc&offset=1000&limit=1000 → 200 (179ms, 4933B)
[2026-06-21T07:50:25.891Z] GET https://ftockzbsceolvwztojpx.supabase.co/rest/v1/acwr_daily?select=date&order=date.desc&limit=1 → 200 (52ms, 783B)
[2026-06-21T07:50:25.943Z] GET https://ftockzbsceolvwztojpx.supabase.co/rest/v1/acwr_daily?select=date&order=date.desc&limit=1 → 200 (102ms, 782B)
[2026-06-21T07:50:25.943Z] GET https://ftockzbsceolvwztojpx.supabase.co/rest/v1/acwr_daily?select=player_id%2Cacwr%2Cdata_sufficient&date=eq.2026-06-19 → 200 (106ms, 12161B)
[2026-06-21T07:50:25.990Z] GET https://ftockzbsceolvwztojpx.supabase.co/rest/v1/training_daily?select=training_date%2Ctotal_distance%2Chsr_distance%2Csprint_distance%2Crpe&training_date=gte.2026-04-22&order=training_date.asc&offset=1000&limit=1000 → 200 (126ms, 4938B)
[2026-06-21T07:50:26.046Z] GET https://ftockzbsceolvwztojpx.supabase.co/rest/v1/acwr_daily?select=*&date=eq.2026-06-19 → 200 (178ms, 30687B)
[2026-06-21T07:50:26.051Z] GET https://ftockzbsceolvwztojpx.supabase.co/rest/v1/training_daily?select=player_id&offset=0&limit=1000 → 200 (115ms, 1344B)
[2026-06-21T07:50:26.145Z] GET https://ftockzbsceolvwztojpx.supabase.co/rest/v1/acwr_daily?select=player_id%2Cacwr%2Cdata_sufficient&date=eq.2026-06-19 → 200 (111ms, 12164B)
[2026-06-21T07:50:26.166Z] GET https://ftockzbsceolvwztojpx.supabase.co/rest/v1/training_daily?select=player_id&offset=1000&limit=1000 → 200 (90ms, 1367B)
[2026-06-21T07:50:26.225Z] GET https://ftockzbsceolvwztojpx.supabase.co/rest/v1/training_daily?select=player_id%2Cdaily_training_load%2Ctraining_date&daily_training_load=not.is.null&order=training_date.desc&limit=455 → 200 (161ms, 8300B)
[2026-06-21T07:50:26.256Z] GET https://ftockzbsceolvwztojpx.supabase.co/rest/v1/acwr_daily?select=*&date=eq.2026-06-19 → 200 (314ms, 30691B)
[2026-06-21T07:50:26.256Z] GET https://ftockzbsceolvwztojpx.supabase.co/rest/v1/training_daily?select=player_id&offset=0&limit=1000 → 200 (130ms, 1345B)
[2026-06-21T07:50:26.256Z] GET https://ftockzbsceolvwztojpx.supabase.co/rest/v1/training_daily?select=player_id&offset=2000&limit=1000 → 200 (130ms, 1300B)
[2026-06-21T07:50:26.387Z] GET https://ftockzbsceolvwztojpx.supabase.co/rest/v1/training_daily?select=player_id&offset=1000&limit=1000 → 200 (183ms, 1370B)
[2026-06-21T07:50:26.407Z] GET https://ftockzbsceolvwztojpx.supabase.co/rest/v1/training_daily?select=player_id&offset=3000&limit=1000 → 200 (163ms, 1433B)
[2026-06-21T07:50:26.571Z] GET https://ftockzbsceolvwztojpx.supabase.co/rest/v1/training_daily?select=player_id%2Cdaily_training_load%2Ctraining_date&daily_training_load=not.is.null&order=training_date.desc&limit=455 → pending (?ms, ?B)
[2026-06-21T07:50:26.571Z] GET https://ftockzbsceolvwztojpx.supabase.co/rest/v1/training_daily?select=player_id&offset=2000&limit=1000 → pending (?ms, ?B)
[2026-06-21T07:50:27.277Z] GET https://ftockzbsceolvwztojpx.supabase.co/rest/v1/training_daily?select=player_id&offset=3000&limit=1000 → 200 (107ms, 1436B)
[2026-06-21T07:50:29.711Z] GET http://localhost:5173/ → 200 (8ms, 639B)
[2026-06-21T07:50:29.722Z] GET http://localhost:5173/@vite/client → 200 (12ms, ?B)
[2026-06-21T07:50:29.722Z] GET http://localhost:5173/src/main.tsx?t=1782028229691 → 200 (4ms, 1655B)
[2026-06-21T07:50:29.722Z] GET http://localhost:5173/@react-refresh → 200 (6ms, ?B)
[2026-06-21T07:50:29.727Z] GET http://localhost:5173/node_modules/.vite/deps/react.js?v=33ed930e → 200 (?ms, -263B)
[2026-06-21T07:50:29.727Z] GET http://localhost:5173/node_modules/.vite/deps/react-dom_client.js?v=33ed930e → 200 (?ms, -265B)
[2026-06-21T07:50:29.727Z] GET http://localhost:5173/src/index.css?t=1782028229691 → 200 (86ms, 29677B)
[2026-06-21T07:50:29.727Z] GET http://localhost:5173/src/App.tsx?t=1782028189039 → 200 (8ms, ?B)
[2026-06-21T07:50:29.727Z] GET http://localhost:5173/node_modules/.vite/deps/react_jsx-dev-runtime.js?v=33ed930e → 200 (?ms, -263B)
[2026-06-21T07:50:29.727Z] GET http://localhost:5173/node_modules/.vite/deps/chunk-B-1-B7_t.js?v=33ed930e → 200 (?ms, -261B)
[2026-06-21T07:50:29.728Z] GET http://localhost:5173/node_modules/.vite/deps/react-dom.js?v=33ed930e → 200 (?ms, -263B)
[2026-06-21T07:50:29.734Z] GET http://localhost:5173/node_modules/vite/dist/client/env.mjs → 200 (1ms, ?B)
[2026-06-21T07:50:29.736Z] GET http://localhost:5173/node_modules/.vite/deps/react-router-dom.js?v=33ed930e → 200 (?ms, -265B)
[2026-06-21T07:50:29.736Z] GET http://localhost:5173/src/components/TopNav.tsx?t=1782027746486 → 200 (7ms, ?B)
[2026-06-21T07:50:29.736Z] GET http://localhost:5173/src/components/Sidebar.tsx?t=1782028189039 → 200 (6ms, ?B)
[2026-06-21T07:50:29.736Z] GET http://localhost:5173/src/pages/Dashboard.tsx?t=1782028189039 → 200 (8ms, ?B)
[2026-06-21T07:50:29.736Z] GET http://localhost:5173/src/pages/DailyReport.tsx?t=1782028189039 → 200 (9ms, ?B)
[2026-06-21T07:50:29.736Z] GET http://localhost:5173/src/pages/WeeklyReport.tsx?t=1782028189039 → 200 (9ms, ?B)
[2026-06-21T07:50:29.736Z] GET http://localhost:5173/src/pages/AcwrPage.tsx?t=1782028189039 → 200 (71ms, ?B)
[2026-06-21T07:50:29.736Z] GET http://localhost:5173/src/pages/RpePage.tsx?t=1782028189039 → 200 (75ms, ?B)
[2026-06-21T07:50:29.736Z] GET http://localhost:5173/src/pages/Upload.tsx → 200 (75ms, ?B)
[2026-06-21T07:50:29.736Z] GET http://localhost:5173/src/pages/PlayerProfile.tsx?t=1782028189039 → 200 (76ms, ?B)
[2026-06-21T07:50:29.742Z] GET http://localhost:5173/src/lib/api.ts?t=1782028189039 → 200 (70ms, ?B)
[2026-06-21T07:50:29.742Z] GET http://localhost:5173/src/utils/calculations.ts → 200 (71ms, ?B)
[2026-06-21T07:50:29.744Z] GET http://localhost:5173/node_modules/.vite/deps/recharts.js?v=33ed930e → 200 (?ms, -267B)
[2026-06-21T07:50:29.744Z] GET http://localhost:5173/src/components/StatCard.tsx → 200 (69ms, ?B)
[2026-06-21T07:50:29.812Z] GET http://localhost:5173/src/utils/csvParser.ts → 200 (1ms, ?B)
[2026-06-21T07:50:29.812Z] GET http://localhost:5173/src/lib/store.ts → 200 (1ms, ?B)
[2026-06-21T07:50:29.813Z] GET http://localhost:5173/src/lib/supabase.ts → 200 (?ms, ?B)
[2026-06-21T07:50:29.813Z] GET http://localhost:5173/node_modules/.vite/deps/papaparse.js?v=33ed930e → 200 (?ms, -263B)
[2026-06-21T07:50:29.813Z] GET http://localhost:5173/node_modules/.vite/deps/@supabase_supabase-js.js?v=33ed930e → 200 (?ms, -265B)
[2026-06-21T07:50:29.829Z] GET https://ftockzbsceolvwztojpx.supabase.co/rest/v1/players?select=id%2Cname%2Cmaturity_status&order=name.asc → 200 (230ms, 2924B)
[2026-06-21T07:50:29.829Z] GET https://ftockzbsceolvwztojpx.supabase.co/rest/v1/players?select=*&order=name.asc → 200 (245ms, 4563B)
[2026-06-21T07:50:29.829Z] GET https://ftockzbsceolvwztojpx.supabase.co/rest/v1/training_daily?select=training_date%2Ctotal_distance%2Chsr_distance%2Csprint_distance%2Crpe&training_date=gte.2026-04-22&order=training_date.asc&offset=0&limit=1000 → 200 (241ms, 11496B)
[2026-06-21T07:50:29.829Z] GET https://ftockzbsceolvwztojpx.supabase.co/rest/v1/players?select=id%2Cname%2Cmaturity_status&order=name.asc → 200 (101ms, 2926B)
[2026-06-21T07:50:29.830Z] GET https://ftockzbsceolvwztojpx.supabase.co/rest/v1/players?select=*&order=name.asc → 200 (103ms, 4560B)
[2026-06-21T07:50:29.830Z] GET https://ftockzbsceolvwztojpx.supabase.co/rest/v1/training_daily?select=training_date%2Ctotal_distance%2Chsr_distance%2Csprint_distance%2Crpe&training_date=gte.2026-04-22&order=training_date.asc&offset=0&limit=1000 → 200 (106ms, 11462B)
[2026-06-21T07:50:29.931Z] GET https://ftockzbsceolvwztojpx.supabase.co/rest/v1/acwr_daily?select=date&order=date.desc&limit=1 → pending (?ms, ?B)
[2026-06-21T07:50:29.935Z] GET https://ftockzbsceolvwztojpx.supabase.co/rest/v1/acwr_daily?select=date&order=date.desc&limit=1 → 200 (345ms, 779B)
[2026-06-21T07:50:29.944Z] GET https://ftockzbsceolvwztojpx.supabase.co/rest/v1/training_daily?select=training_date%2Ctotal_distance%2Chsr_distance%2Csprint_distance%2Crpe&training_date=gte.2026-04-22&order=training_date.asc&offset=1000&limit=1000 → 200 (115ms, 4934B)
[2026-06-21T07:50:30.061Z] GET https://ftockzbsceolvwztojpx.supabase.co/rest/v1/acwr_daily?select=date&order=date.desc&limit=1 → 200 (5ms, 780B)
[2026-06-21T07:50:30.066Z] GET https://ftockzbsceolvwztojpx.supabase.co/rest/v1/acwr_daily?select=player_id%2Cacwr%2Cdata_sufficient&date=eq.2026-06-19 → 200 (115ms, 12164B)
[2026-06-21T07:50:30.075Z] GET https://ftockzbsceolvwztojpx.supabase.co/rest/v1/training_daily?select=training_date%2Ctotal_distance%2Chsr_distance%2Csprint_distance%2Crpe&training_date=gte.2026-04-22&order=training_date.asc&offset=1000&limit=1000 → 200 (106ms, 4935B)
[2026-06-21T07:50:30.075Z] GET https://ftockzbsceolvwztojpx.supabase.co/rest/v1/acwr_daily?select=date&order=date.desc&limit=1 → 200 (106ms, 783B)
[2026-06-21T07:50:30.182Z] GET https://ftockzbsceolvwztojpx.supabase.co/rest/v1/acwr_daily?select=*&date=eq.2026-06-19 → 200 (174ms, ?B)
[2026-06-21T07:50:30.182Z] GET https://ftockzbsceolvwztojpx.supabase.co/rest/v1/training_daily?select=player_id&offset=0&limit=1000 → 200 (103ms, 1344B)
[2026-06-21T07:50:30.280Z] GET https://ftockzbsceolvwztojpx.supabase.co/rest/v1/acwr_daily?select=player_id%2Cacwr%2Cdata_sufficient&date=eq.2026-06-19 → pending (?ms, ?B)
[2026-06-21T07:50:30.285Z] GET https://ftockzbsceolvwztojpx.supabase.co/rest/v1/training_daily?select=player_id&offset=1000&limit=1000 → pending (?ms, ?B)
[2026-06-21T07:50:30.613Z] GET https://ftockzbsceolvwztojpx.supabase.co/rest/v1/training_daily?select=player_id%2Cdaily_training_load%2Ctraining_date&daily_training_load=not.is.null&order=training_date.desc&limit=455 → 200 (157ms, 8305B)
[2026-06-21T07:50:30.614Z] GET https://ftockzbsceolvwztojpx.supabase.co/rest/v1/acwr_daily?select=*&date=eq.2026-06-19 → 200 (178ms, 30690B)
[2026-06-21T07:50:30.614Z] GET https://ftockzbsceolvwztojpx.supabase.co/rest/v1/training_daily?select=player_id&offset=0&limit=1000 → 200 (149ms, 1344B)
[2026-06-21T07:50:30.614Z] GET https://ftockzbsceolvwztojpx.supabase.co/rest/v1/training_daily?select=player_id&offset=2000&limit=1000 → 200 (116ms, 1300B)
[2026-06-21T07:50:30.731Z] GET https://ftockzbsceolvwztojpx.supabase.co/rest/v1/training_daily?select=player_id&offset=3000&limit=1000 → 200 (196ms, 1429B)
[2026-06-21T07:50:30.763Z] GET https://ftockzbsceolvwztojpx.supabase.co/rest/v1/training_daily?select=player_id&offset=1000&limit=1000 → 200 (164ms, 1369B)
[2026-06-21T07:50:30.927Z] GET https://ftockzbsceolvwztojpx.supabase.co/rest/v1/training_daily?select=player_id%2Cdaily_training_load%2Ctraining_date&daily_training_load=not.is.null&order=training_date.desc&limit=455 → 200 (114ms, 8307B)
[2026-06-21T07:50:30.928Z] GET https://ftockzbsceolvwztojpx.supabase.co/rest/v1/training_daily?select=player_id&offset=2000&limit=1000 → 200 (108ms, 1301B)
[2026-06-21T07:50:31.037Z] GET https://ftockzbsceolvwztojpx.supabase.co/rest/v1/training_daily?select=player_id&offset=3000&limit=1000 → 200 (112ms, 1426B)
[2026-06-21T07:50:34.829Z] GET http://localhost:5173/weekly → 200 (12ms, 639B)
[2026-06-21T07:50:34.844Z] GET http://localhost:5173/@vite/client → 200 (4ms, ?B)
[2026-06-21T07:50:34.844Z] GET http://localhost:5173/src/main.tsx?t=1782028229691 → 200 (2ms, ?B)
[2026-06-21T07:50:34.844Z] GET http://localhost:5173/@react-refresh → 200 (4ms, ?B)
[2026-06-21T07:50:34.847Z] GET http://localhost:5173/node_modules/.vite/deps/react.js?v=33ed930e → 200 (?ms, -263B)
[2026-06-21T07:50:34.847Z] GET http://localhost:5173/node_modules/.vite/deps/react-dom_client.js?v=33ed930e → 200 (?ms, -265B)
[2026-06-21T07:50:34.847Z] GET http://localhost:5173/src/index.css?t=1782028229691 → 200 (1ms, ?B)
[2026-06-21T07:50:34.847Z] GET http://localhost:5173/src/App.tsx?t=1782028189039 → 200 (2ms, ?B)
[2026-06-21T07:50:34.847Z] GET http://localhost:5173/node_modules/.vite/deps/react_jsx-dev-runtime.js?v=33ed930e → 200 (?ms, -263B)
[2026-06-21T07:50:34.847Z] GET http://localhost:5173/node_modules/.vite/deps/chunk-B-1-B7_t.js?v=33ed930e → 200 (?ms, -261B)
[2026-06-21T07:50:34.848Z] GET http://localhost:5173/node_modules/.vite/deps/react-dom.js?v=33ed930e → 200 (?ms, -263B)
[2026-06-21T07:50:34.848Z] GET http://localhost:5173/node_modules/vite/dist/client/env.mjs → 200 (1ms, ?B)
[2026-06-21T07:50:34.850Z] GET http://localhost:5173/node_modules/.vite/deps/react-router-dom.js?v=33ed930e → 200 (?ms, -265B)
[2026-06-21T07:50:34.851Z] GET http://localhost:5173/src/components/TopNav.tsx?t=1782027746486 → 200 (?ms, ?B)
[2026-06-21T07:50:34.851Z] GET http://localhost:5173/src/components/Sidebar.tsx?t=1782028189039 → 200 (?ms, ?B)
[2026-06-21T07:50:34.851Z] GET http://localhost:5173/src/pages/Dashboard.tsx?t=1782028189039 → 200 (?ms, ?B)
[2026-06-21T07:50:34.851Z] GET http://localhost:5173/src/pages/DailyReport.tsx?t=1782028189039 → 200 (1ms, ?B)
[2026-06-21T07:50:34.851Z] GET http://localhost:5173/src/pages/WeeklyReport.tsx?t=1782028189039 → 200 (1ms, ?B)
[2026-06-21T07:50:34.851Z] GET http://localhost:5173/src/pages/AcwrPage.tsx?t=1782028189039 → 200 (1ms, ?B)
[2026-06-21T07:50:34.851Z] GET http://localhost:5173/src/pages/RpePage.tsx?t=1782028189039 → 200 (1ms, ?B)
[2026-06-21T07:50:34.851Z] GET http://localhost:5173/src/pages/Upload.tsx → 200 (2ms, ?B)
[2026-06-21T07:50:34.851Z] GET http://localhost:5173/src/pages/PlayerProfile.tsx?t=1782028189039 → 200 (1ms, ?B)
[2026-06-21T07:50:34.851Z] GET http://localhost:5173/src/lib/api.ts?t=1782028189039 → 200 (1ms, ?B)
[2026-06-21T07:50:34.851Z] GET http://localhost:5173/src/utils/calculations.ts → 200 (1ms, ?B)
[2026-06-21T07:50:34.852Z] GET http://localhost:5173/node_modules/.vite/deps/recharts.js?v=33ed930e → 200 (?ms, -267B)
[2026-06-21T07:50:34.852Z] GET http://localhost:5173/src/components/StatCard.tsx → 200 (?ms, ?B)
[2026-06-21T07:50:34.852Z] GET http://localhost:5173/src/lib/supabase.ts → 200 (?ms, ?B)
[2026-06-21T07:50:34.852Z] GET http://localhost:5173/node_modules/.vite/deps/@supabase_supabase-js.js?v=33ed930e → 200 (?ms, -265B)
[2026-06-21T07:50:34.853Z] GET http://localhost:5173/src/utils/csvParser.ts → 200 (?ms, ?B)
[2026-06-21T07:50:34.853Z] GET http://localhost:5173/src/lib/store.ts → 200 (?ms, ?B)
[2026-06-21T07:50:34.853Z] GET http://localhost:5173/node_modules/.vite/deps/papaparse.js?v=33ed930e → 200 (?ms, -263B)
[2026-06-21T07:50:34.865Z] GET https://ftockzbsceolvwztojpx.supabase.co/rest/v1/players?select=id%2Cname%2Cmaturity_status&order=name.asc → pending (?ms, ?B)
[2026-06-21T07:50:34.865Z] GET https://ftockzbsceolvwztojpx.supabase.co/rest/v1/training_daily?select=training_date%2Ctotal_distance%2Chsr_distance%2Csprint_distance%2Crpe&training_date=gte.2026-02-21&order=training_date.asc&offset=0&limit=1000 → pending (?ms, ?B)
[2026-06-21T07:50:34.865Z] GET https://ftockzbsceolvwztojpx.supabase.co/rest/v1/players?select=id%2Cname%2Cmaturity_status&order=name.asc → pending (?ms, ?B)
[2026-06-21T07:50:34.865Z] GET https://ftockzbsceolvwztojpx.supabase.co/rest/v1/training_daily?select=training_date%2Ctotal_distance%2Chsr_distance%2Csprint_distance%2Crpe&training_date=gte.2026-02-21&order=training_date.asc&offset=0&limit=1000 → pending (?ms, ?B)
[2026-06-21T07:50:34.893Z] GET http://localhost:5173/weekly → 200 (2ms, 639B)
[2026-06-21T07:50:34.897Z] GET http://localhost:5173/@vite/client → 304 (4ms, ?B)
[2026-06-21T07:50:34.897Z] GET http://localhost:5173/src/main.tsx?t=1782028234871 → 200 (2ms, 1655B)
[2026-06-21T07:50:34.897Z] GET http://localhost:5173/@react-refresh → 304 (4ms, ?B)
[2026-06-21T07:50:34.899Z] GET http://localhost:5173/node_modules/.vite/deps/react.js?v=33ed930e → 200 (?ms, -263B)
[2026-06-21T07:50:34.899Z] GET http://localhost:5173/node_modules/.vite/deps/react-dom_client.js?v=33ed930e → 200 (?ms, -265B)
[2026-06-21T07:50:34.899Z] GET http://localhost:5173/src/index.css?t=1782028234871 → 200 (29ms, 29677B)
[2026-06-21T07:50:34.899Z] GET http://localhost:5173/src/App.tsx?t=1782028189039 → 304 (3ms, ?B)
[2026-06-21T07:50:34.899Z] GET http://localhost:5173/node_modules/.vite/deps/react_jsx-dev-runtime.js?v=33ed930e → 200 (?ms, -263B)
[2026-06-21T07:50:34.899Z] GET http://localhost:5173/node_modules/.vite/deps/chunk-B-1-B7_t.js?v=33ed930e → 200 (?ms, -261B)
[2026-06-21T07:50:34.899Z] GET http://localhost:5173/node_modules/.vite/deps/react-dom.js?v=33ed930e → 200 (?ms, -263B)
[2026-06-21T07:50:34.901Z] GET http://localhost:5173/node_modules/vite/dist/client/env.mjs → 304 (10ms, ?B)
[2026-06-21T07:50:34.902Z] GET http://localhost:5173/node_modules/.vite/deps/react-router-dom.js?v=33ed930e → 200 (?ms, -265B)
[2026-06-21T07:50:34.902Z] GET http://localhost:5173/src/components/TopNav.tsx?t=1782027746486 → 304 (9ms, ?B)
[2026-06-21T07:50:34.902Z] GET http://localhost:5173/src/components/Sidebar.tsx?t=1782028189039 → 304 (8ms, ?B)
[2026-06-21T07:50:34.902Z] GET http://localhost:5173/src/pages/Dashboard.tsx?t=1782028189039 → 304 (10ms, ?B)
[2026-06-21T07:50:34.902Z] GET http://localhost:5173/src/pages/DailyReport.tsx?t=1782028189039 → 304 (10ms, ?B)
[2026-06-21T07:50:34.902Z] GET http://localhost:5173/src/pages/WeeklyReport.tsx?t=1782028189039 → 304 (14ms, ?B)
[2026-06-21T07:50:34.902Z] GET http://localhost:5173/src/pages/AcwrPage.tsx?t=1782028189039 → 304 (15ms, ?B)
[2026-06-21T07:50:34.902Z] GET http://localhost:5173/src/pages/RpePage.tsx?t=1782028189039 → 304 (17ms, ?B)
[2026-06-21T07:50:34.902Z] GET http://localhost:5173/src/pages/Upload.tsx → 304 (17ms, ?B)
[2026-06-21T07:50:34.902Z] GET http://localhost:5173/src/pages/PlayerProfile.tsx?t=1782028189039 → 304 (18ms, ?B)
[2026-06-21T07:50:34.911Z] GET http://localhost:5173/src/lib/api.ts?t=1782028189039 → 304 (17ms, ?B)
[2026-06-21T07:50:34.911Z] GET http://localhost:5173/src/utils/calculations.ts → 304 (19ms, ?B)
[2026-06-21T07:50:34.913Z] GET http://localhost:5173/node_modules/.vite/deps/recharts.js?v=33ed930e → 200 (?ms, -267B)
[2026-06-21T07:50:34.913Z] GET http://localhost:5173/src/components/StatCard.tsx → 304 (17ms, ?B)
[2026-06-21T07:50:34.920Z] GET http://localhost:5173/src/utils/csvParser.ts → 304 (10ms, ?B)
[2026-06-21T07:50:34.920Z] GET http://localhost:5173/src/lib/store.ts → 304 (13ms, ?B)
[2026-06-21T07:50:34.930Z] GET http://localhost:5173/src/lib/supabase.ts → 304 (4ms, ?B)
[2026-06-21T07:50:34.933Z] GET http://localhost:5173/node_modules/.vite/deps/papaparse.js?v=33ed930e → 200 (?ms, -263B)
[2026-06-21T07:50:34.951Z] GET http://localhost:5173/node_modules/.vite/deps/@supabase_supabase-js.js?v=33ed930e → 200 (?ms, -265B)
[2026-06-21T07:50:34.952Z] GET https://ftockzbsceolvwztojpx.supabase.co/rest/v1/players?select=id%2Cname%2Cmaturity_status&order=name.asc → 200 (226ms, 2922B)
[2026-06-21T07:50:34.952Z] GET https://ftockzbsceolvwztojpx.supabase.co/rest/v1/training_daily?select=training_date%2Ctotal_distance%2Chsr_distance%2Csprint_distance%2Crpe&training_date=gte.2026-02-21&order=training_date.asc&offset=0&limit=1000 → 200 (211ms, 11026B)
[2026-06-21T07:50:34.952Z] GET https://ftockzbsceolvwztojpx.supabase.co/rest/v1/players?select=id%2Cname%2Cmaturity_status&order=name.asc → 200 (98ms, 2924B)
[2026-06-21T07:50:34.952Z] GET https://ftockzbsceolvwztojpx.supabase.co/rest/v1/training_daily?select=training_date%2Ctotal_distance%2Chsr_distance%2Csprint_distance%2Crpe&training_date=gte.2026-02-21&order=training_date.asc&offset=0&limit=1000 → 200 (104ms, 10999B)
[2026-06-21T07:50:35.050Z] GET https://ftockzbsceolvwztojpx.supabase.co/rest/v1/acwr_daily?select=date&order=date.desc&limit=1 → 200 (101ms, 782B)
[2026-06-21T07:50:35.059Z] GET https://ftockzbsceolvwztojpx.supabase.co/rest/v1/training_daily?select=training_date%2Ctotal_distance%2Chsr_distance%2Csprint_distance%2Crpe&training_date=gte.2026-02-21&order=training_date.asc&offset=1000&limit=1000 → 200 (250ms, 11536B)
[2026-06-21T07:50:35.151Z] GET https://ftockzbsceolvwztojpx.supabase.co/rest/v1/acwr_daily?select=player_id%2Cacwr%2Cdata_sufficient&date=eq.2026-06-19 → 200 (106ms, 12164B)
[2026-06-21T07:50:35.175Z] GET https://ftockzbsceolvwztojpx.supabase.co/rest/v1/training_daily?select=training_date%2Ctotal_distance%2Chsr_distance%2Csprint_distance%2Crpe&training_date=gte.2026-02-21&order=training_date.asc&offset=1000&limit=1000 → 200 (21ms, 11533B)
[2026-06-21T07:50:35.178Z] GET https://ftockzbsceolvwztojpx.supabase.co/rest/v1/acwr_daily?select=date&order=date.desc&limit=1 → 200 (114ms, 782B)
[2026-06-21T07:50:35.200Z] GET https://ftockzbsceolvwztojpx.supabase.co/rest/v1/training_daily?select=training_date%2Ctotal_distance%2Chsr_distance%2Csprint_distance%2Crpe&training_date=gte.2026-02-21&order=training_date.asc&offset=2000&limit=1000 → 200 (306ms, 9719B)
[2026-06-21T07:50:35.263Z] GET https://ftockzbsceolvwztojpx.supabase.co/rest/v1/training_daily?select=player_id&offset=0&limit=1000 → 200 (126ms, 1344B)
[2026-06-21T07:50:35.293Z] GET https://ftockzbsceolvwztojpx.supabase.co/rest/v1/acwr_daily?select=player_id%2Cacwr%2Cdata_sufficient&date=eq.2026-06-19 → 200 (213ms, 12162B)
[2026-06-21T07:50:35.311Z] GET https://ftockzbsceolvwztojpx.supabase.co/rest/v1/training_daily?select=training_date%2Ctotal_distance%2Chsr_distance%2Csprint_distance%2Crpe&training_date=gte.2026-02-21&order=training_date.asc&offset=2000&limit=1000 → 200 (35ms, 9717B)
[2026-06-21T07:50:35.505Z] GET https://ftockzbsceolvwztojpx.supabase.co/rest/v1/training_daily?select=player_id&offset=1000&limit=1000 → pending (?ms, ?B)
[2026-06-21T07:50:35.506Z] GET https://ftockzbsceolvwztojpx.supabase.co/rest/v1/training_daily?select=player_id&offset=0&limit=1000 → pending (?ms, ?B)
[2026-06-21T07:50:35.605Z] GET https://ftockzbsceolvwztojpx.supabase.co/rest/v1/training_daily?select=player_id&offset=2000&limit=1000 → 200 (106ms, 1300B)
[2026-06-21T07:50:35.608Z] GET https://ftockzbsceolvwztojpx.supabase.co/rest/v1/training_daily?select=player_id&offset=1000&limit=1000 → 200 (104ms, 1368B)
[2026-06-21T07:50:35.712Z] GET https://ftockzbsceolvwztojpx.supabase.co/rest/v1/training_daily?select=player_id&offset=3000&limit=1000 → 200 (98ms, 1432B)
[2026-06-21T07:50:35.712Z] GET https://ftockzbsceolvwztojpx.supabase.co/rest/v1/training_daily?select=player_id&offset=2000&limit=1000 → 200 (101ms, 1300B)
[2026-06-21T07:50:35.816Z] GET https://ftockzbsceolvwztojpx.supabase.co/rest/v1/training_daily?select=player_id&offset=3000&limit=1000 → 200 (102ms, 1432B)
[2026-06-21T07:50:40.098Z] GET http://localhost:5173/weekly → 200 (2ms, 639B)
[2026-06-21T07:50:40.102Z] GET http://localhost:5173/@vite/client → 200 (10ms, ?B)
[2026-06-21T07:50:40.102Z] GET http://localhost:5173/src/main.tsx?t=1782028240077 → 200 (9ms, 1655B)
[2026-06-21T07:50:40.103Z] GET http://localhost:5173/@react-refresh → 200 (9ms, ?B)
[2026-06-21T07:50:40.111Z] GET http://localhost:5173/node_modules/.vite/deps/react.js?v=33ed930e → 200 (?ms, -263B)
[2026-06-21T07:50:40.111Z] GET http://localhost:5173/node_modules/.vite/deps/react-dom_client.js?v=33ed930e → 200 (?ms, -265B)
[2026-06-21T07:50:40.111Z] GET http://localhost:5173/src/index.css?t=1782028240077 → 200 (20ms, 29677B)
[2026-06-21T07:50:40.111Z] GET http://localhost:5173/src/App.tsx?t=1782028189039 → 200 (10ms, ?B)
[2026-06-21T07:50:40.111Z] GET http://localhost:5173/node_modules/.vite/deps/react_jsx-dev-runtime.js?v=33ed930e → 200 (?ms, -263B)
[2026-06-21T07:50:40.111Z] GET http://localhost:5173/node_modules/.vite/deps/chunk-B-1-B7_t.js?v=33ed930e → 200 (?ms, -261B)
[2026-06-21T07:50:40.111Z] GET http://localhost:5173/node_modules/.vite/deps/react-dom.js?v=33ed930e → 200 (?ms, -263B)
[2026-06-21T07:50:40.112Z] GET http://localhost:5173/node_modules/vite/dist/client/env.mjs → 200 (6ms, ?B)
[2026-06-21T07:50:40.121Z] GET http://localhost:5173/node_modules/.vite/deps/react-router-dom.js?v=33ed930e → 200 (?ms, -265B)
[2026-06-21T07:50:40.121Z] GET http://localhost:5173/src/components/TopNav.tsx?t=1782027746486 → 200 (6ms, ?B)
[2026-06-21T07:50:40.121Z] GET http://localhost:5173/src/components/Sidebar.tsx?t=1782028189039 → 200 (7ms, ?B)
[2026-06-21T07:50:40.121Z] GET http://localhost:5173/src/pages/Dashboard.tsx?t=1782028189039 → 200 (8ms, ?B)
[2026-06-21T07:50:40.121Z] GET http://localhost:5173/src/pages/DailyReport.tsx?t=1782028189039 → 200 (8ms, ?B)
[2026-06-21T07:50:40.121Z] GET http://localhost:5173/src/pages/WeeklyReport.tsx?t=1782028189039 → 200 (9ms, ?B)
[2026-06-21T07:50:40.121Z] GET http://localhost:5173/src/pages/AcwrPage.tsx?t=1782028189039 → 200 (9ms, ?B)
[2026-06-21T07:50:40.121Z] GET http://localhost:5173/src/pages/RpePage.tsx?t=1782028189039 → 200 (9ms, ?B)
[2026-06-21T07:50:40.121Z] GET http://localhost:5173/src/pages/Upload.tsx → 200 (9ms, ?B)
[2026-06-21T07:50:40.121Z] GET http://localhost:5173/src/pages/PlayerProfile.tsx?t=1782028189039 → 200 (10ms, ?B)
[2026-06-21T07:50:40.128Z] GET http://localhost:5173/src/lib/api.ts?t=1782028189039 → 200 (3ms, ?B)
[2026-06-21T07:50:40.128Z] GET http://localhost:5173/src/utils/calculations.ts → 200 (3ms, ?B)
[2026-06-21T07:50:40.129Z] GET http://localhost:5173/node_modules/.vite/deps/recharts.js?v=33ed930e → 200 (?ms, -267B)
[2026-06-21T07:50:40.129Z] GET http://localhost:5173/src/components/StatCard.tsx → 200 (2ms, ?B)
[2026-06-21T07:50:40.131Z] GET http://localhost:5173/src/utils/csvParser.ts → 200 (?ms, ?B)
[2026-06-21T07:50:40.131Z] GET http://localhost:5173/src/lib/store.ts → 200 (?ms, ?B)
[2026-06-21T07:50:40.131Z] GET http://localhost:5173/src/lib/supabase.ts → 200 (?ms, ?B)
[2026-06-21T07:50:40.131Z] GET http://localhost:5173/node_modules/.vite/deps/papaparse.js?v=33ed930e → 200 (?ms, -263B)
[2026-06-21T07:50:40.131Z] GET http://localhost:5173/node_modules/.vite/deps/@supabase_supabase-js.js?v=33ed930e → 200 (?ms, -265B)
[2026-06-21T07:50:40.141Z] GET https://ftockzbsceolvwztojpx.supabase.co/rest/v1/players?select=id%2Cname%2Cmaturity_status&order=name.asc → 200 (245ms, 2924B)
[2026-06-21T07:50:40.141Z] GET https://ftockzbsceolvwztojpx.supabase.co/rest/v1/training_daily?select=training_date%2Ctotal_distance%2Chsr_distance%2Csprint_distance%2Crpe&training_date=gte.2026-02-21&order=training_date.asc&offset=0&limit=1000 → 200 (240ms, 11002B)
[2026-06-21T07:50:40.141Z] GET https://ftockzbsceolvwztojpx.supabase.co/rest/v1/players?select=id%2Cname%2Cmaturity_status&order=name.asc → 200 (123ms, 2926B)
[2026-06-21T07:50:40.141Z] GET https://ftockzbsceolvwztojpx.supabase.co/rest/v1/training_daily?select=training_date%2Ctotal_distance%2Chsr_distance%2Csprint_distance%2Crpe&training_date=gte.2026-02-21&order=training_date.asc&offset=0&limit=1000 → 200 (122ms, 11001B)
[2026-06-21T07:50:40.264Z] GET https://ftockzbsceolvwztojpx.supabase.co/rest/v1/acwr_daily?select=date&order=date.desc&limit=1 → 200 (103ms, 782B)
[2026-06-21T07:50:40.264Z] GET https://ftockzbsceolvwztojpx.supabase.co/rest/v1/training_daily?select=training_date%2Ctotal_distance%2Chsr_distance%2Csprint_distance%2Crpe&training_date=gte.2026-02-21&order=training_date.asc&offset=1000&limit=1000 → 200 (223ms, 11537B)
[2026-06-21T07:50:40.368Z] GET https://ftockzbsceolvwztojpx.supabase.co/rest/v1/acwr_daily?select=player_id%2Cacwr%2Cdata_sufficient&date=eq.2026-06-19 → 200 (100ms, 12159B)
[2026-06-21T07:50:40.382Z] GET https://ftockzbsceolvwztojpx.supabase.co/rest/v1/training_daily?select=training_date%2Ctotal_distance%2Chsr_distance%2Csprint_distance%2Crpe&training_date=gte.2026-02-21&order=training_date.asc&offset=1000&limit=1000 → 200 (1ms, 11538B)
[2026-06-21T07:50:40.386Z] GET https://ftockzbsceolvwztojpx.supabase.co/rest/v1/training_daily?select=training_date%2Ctotal_distance%2Chsr_distance%2Csprint_distance%2Crpe&training_date=gte.2026-02-21&order=training_date.asc&offset=2000&limit=1000 → pending (?ms, ?B)
[2026-06-21T07:50:40.386Z] GET https://ftockzbsceolvwztojpx.supabase.co/rest/v1/acwr_daily?select=date&order=date.desc&limit=1 → 200 (102ms, 784B)
[2026-06-21T07:50:40.474Z] GET https://ftockzbsceolvwztojpx.supabase.co/rest/v1/training_daily?select=player_id&offset=0&limit=1000 → 200 (118ms, 1344B)
[2026-06-21T07:50:40.487Z] GET https://ftockzbsceolvwztojpx.supabase.co/rest/v1/training_daily?select=training_date%2Ctotal_distance%2Chsr_distance%2Csprint_distance%2Crpe&training_date=gte.2026-02-21&order=training_date.asc&offset=2000&limit=1000 → 200 (5ms, 9716B)
[2026-06-21T07:50:40.488Z] GET https://ftockzbsceolvwztojpx.supabase.co/rest/v1/acwr_daily?select=player_id%2Cacwr%2Cdata_sufficient&date=eq.2026-06-19 → 200 (111ms, 12163B)
[2026-06-21T07:50:40.592Z] GET https://ftockzbsceolvwztojpx.supabase.co/rest/v1/training_daily?select=player_id&offset=1000&limit=1000 → pending (?ms, ?B)
[2026-06-21T07:50:40.599Z] GET https://ftockzbsceolvwztojpx.supabase.co/rest/v1/training_daily?select=player_id&offset=0&limit=1000 → pending (?ms, ?B)
[2026-06-21T07:50:40.693Z] GET https://ftockzbsceolvwztojpx.supabase.co/rest/v1/training_daily?select=player_id&offset=2000&limit=1000 → 200 (136ms, 1299B)
[2026-06-21T07:50:40.699Z] GET https://ftockzbsceolvwztojpx.supabase.co/rest/v1/training_daily?select=player_id&offset=1000&limit=1000 → 200 (130ms, 1371B)
[2026-06-21T07:50:40.830Z] GET https://ftockzbsceolvwztojpx.supabase.co/rest/v1/training_daily?select=player_id&offset=2000&limit=1000 → 200 (111ms, 1299B)
[2026-06-21T07:50:40.830Z] GET https://ftockzbsceolvwztojpx.supabase.co/rest/v1/training_daily?select=player_id&offset=3000&limit=1000 → 200 (216ms, 1432B)
[2026-06-21T07:50:40.941Z] GET https://ftockzbsceolvwztojpx.supabase.co/rest/v1/training_daily?select=player_id&offset=3000&limit=1000 → 200 (2ms, 1433B)
[2026-06-21T07:53:54.464Z] GET http://localhost:5173/src/index.css?t=1782028433864 → 200 (214ms, 29675B)
[2026-06-21T07:53:55.237Z] GET http://localhost:5173/src/index.css?t=1782028435229 → 200 (68ms, 29675B)
[2026-06-21T07:53:55.237Z] GET http://localhost:5173/src/pages/Dashboard.tsx?t=1782028435229 → 200 (49ms, 39352B)
[2026-06-21T07:53:55.237Z] GET http://localhost:5173/src/components/Sidebar.tsx?t=1782028435229 → 200 (41ms, 16090B)
[2026-06-21T07:53:55.240Z] GET http://localhost:5173/src/pages/PlayerProfile.tsx?t=1782028435229 → 200 (57ms, 55786B)
[2026-06-21T07:53:55.240Z] GET http://localhost:5173/src/pages/DailyReport.tsx?t=1782028435229 → 200 (53ms, 34279B)
[2026-06-21T07:53:55.240Z] GET http://localhost:5173/src/pages/AcwrPage.tsx?t=1782028435229 → 200 (57ms, 32168B)
[2026-06-21T07:53:55.240Z] GET http://localhost:5173/src/pages/RpePage.tsx?t=1782028435229 → 200 (63ms, 26008B)
[2026-06-21T07:53:55.240Z] GET http://localhost:5173/src/pages/WeeklyReport.tsx?t=1782028435229 → 200 (62ms, 27392B)
[2026-06-21T07:53:55.240Z] GET http://localhost:5173/src/pages/Upload.tsx?t=1782028435229 → 200 (65ms, 22038B)
[2026-06-21T07:53:55.280Z] GET http://localhost:5173/src/lib/api.ts?t=1782028435229 → 200 (25ms, 30394B)
[2026-06-21T07:53:55.280Z] GET http://localhost:5173/src/utils/calculations.ts?t=1782028435229 → 200 (36ms, 7989B)
[2026-06-21T07:53:55.305Z] GET http://localhost:5173/src/lib/store.ts?t=1782028435229 → 200 (8ms, 22626B)
