[2026-06-21T07:47:05.763Z] [debug] [vite] connecting...
[2026-06-21T07:47:05.896Z] [debug] [vite] connected.
[2026-06-21T07:47:06.248Z] [info] %cDownload the React DevTools for a better development experience: https://react.dev/link/react-devtools font-weight:bold
[2026-06-21T07:47:23.498Z] [debug] [vite] connecting...
[2026-06-21T07:47:23.500Z] [debug] [vite] connected.
[2026-06-21T07:47:23.501Z] [info] %cDownload the React DevTools for a better development experience: https://react.dev/link/react-devtools font-weight:bold
[2026-06-21T07:47:43.345Z] [debug] [vite] connecting...
[2026-06-21T07:47:43.347Z] [debug] [vite] connected.
[2026-06-21T07:47:43.347Z] [info] %cDownload the React DevTools for a better development experience: https://react.dev/link/react-devtools font-weight:bold
[2026-06-21T07:47:47.617Z] [debug] [vite] connecting...
[2026-06-21T07:47:47.622Z] [info] %cDownload the React DevTools for a better development experience: https://react.dev/link/react-devtools font-weight:bold
[2026-06-21T07:47:47.624Z] [debug] [vite] connected.
[2026-06-21T07:48:04.899Z] [debug] [vite] connecting...
[2026-06-21T07:48:04.901Z] [debug] [vite] connected.
[2026-06-21T07:48:04.909Z] [info] %cDownload the React DevTools for a better development experience: https://react.dev/link/react-devtools font-weight:bold
[2026-06-21T07:49:22.782Z] [debug] [vite] hot updated: /src/index.css
[2026-06-21T07:49:22.782Z] [debug] [vite] hot updated: /src/pages/Dashboard.tsx
[2026-06-21T07:49:22.782Z] [debug] [vite] hot updated: /src/components/Sidebar.tsx
[2026-06-21T07:49:22.782Z] [debug] [vite] hot updated: /src/pages/PlayerProfile.tsx
[2026-06-21T07:49:22.782Z] [debug] [vite] hot updated: /src/pages/DailyReport.tsx
[2026-06-21T07:49:22.782Z] [debug] [vite] hot updated: /src/pages/AcwrPage.tsx
[2026-06-21T07:49:22.782Z] [debug] [vite] hot updated: /src/pages/RpePage.tsx
[2026-06-21T07:49:22.783Z] [debug] [vite] hot updated: /src/pages/WeeklyReport.tsx
[2026-06-21T07:49:30.626Z] [debug] [vite] hot updated: /src/index.css
[2026-06-21T07:49:30.626Z] [debug] [vite] hot updated: /src/pages/Dashboard.tsx
[2026-06-21T07:49:30.626Z] [debug] [vite] hot updated: /src/components/Sidebar.tsx
[2026-06-21T07:49:30.626Z] [debug] [vite] hot updated: /src/pages/PlayerProfile.tsx
[2026-06-21T07:49:30.626Z] [debug] [vite] hot updated: /src/pages/DailyReport.tsx
[2026-06-21T07:49:30.626Z] [debug] [vite] hot updated: /src/pages/AcwrPage.tsx
[2026-06-21T07:49:30.626Z] [debug] [vite] hot updated: /src/pages/RpePage.tsx
[2026-06-21T07:49:30.626Z] [debug] [vite] hot updated: /src/pages/WeeklyReport.tsx
[2026-06-21T07:49:37.696Z] [debug] [vite] hot updated: /src/index.css
[2026-06-21T07:49:37.696Z] [debug] [vite] hot updated: /src/pages/Dashboard.tsx
[2026-06-21T07:49:37.696Z] [debug] [vite] hot updated: /src/components/Sidebar.tsx
[2026-06-21T07:49:37.696Z] [debug] [vite] hot updated: /src/pages/PlayerProfile.tsx
[2026-06-21T07:49:37.697Z] [debug] [vite] hot updated: /src/pages/DailyReport.tsx
[2026-06-21T07:49:37.697Z] [debug] [vite] hot updated: /src/pages/AcwrPage.tsx
[2026-06-21T07:49:37.697Z] [debug] [vite] hot updated: /src/pages/RpePage.tsx
[2026-06-21T07:49:37.697Z] [debug] [vite] hot updated: /src/pages/WeeklyReport.tsx
[2026-06-21T07:49:49.091Z] [debug] [vite] hot updated: /src/index.css
[2026-06-21T07:49:49.091Z] [debug] [vite] hot updated: /src/pages/Dashboard.tsx
[2026-06-21T07:49:49.091Z] [debug] [vite] hot updated: /src/components/Sidebar.tsx
[2026-06-21T07:49:49.091Z] [debug] [vite] hot updated: /src/pages/PlayerProfile.tsx
[2026-06-21T07:49:49.091Z] [debug] [vite] hot updated: /src/pages/DailyReport.tsx
[2026-06-21T07:49:49.091Z] [debug] [vite] hot updated: /src/pages/AcwrPage.tsx
[2026-06-21T07:49:49.091Z] [debug] [vite] hot updated: /src/pages/RpePage.tsx
[2026-06-21T07:49:49.091Z] [debug] [vite] hot updated: /src/pages/WeeklyReport.tsx
[2026-06-21T07:50:02.167Z] [debug] [vite] connecting...
[2026-06-21T07:50:02.176Z] [debug] [vite] connected.
[2026-06-21T07:50:02.188Z] [info] %cDownload the React DevTools for a better development experience: https://react.dev/link/react-devtools font-weight:bold
[2026-06-21T07:50:02.422Z] [debug] [vite] connecting...
[2026-06-21T07:50:02.429Z] [debug] [vite] connected.
[2026-06-21T07:50:02.446Z] [info] %cDownload the React DevTools for a better development experience: https://react.dev/link/react-devtools font-weight:bold
[2026-06-21T07:50:08.740Z] [debug] [vite] connecting...
[2026-06-21T07:50:08.759Z] [debug] [vite] connected.
[2026-06-21T07:50:08.765Z] [info] %cDownload the React DevTools for a better development experience: https://react.dev/link/react-devtools font-weight:bold
[2026-06-21T07:50:25.573Z] [debug] [vite] connecting...
[2026-06-21T07:50:25.601Z] [debug] [vite] connected.
[2026-06-21T07:50:25.608Z] [info] %cDownload the React DevTools for a better development experience: https://react.dev/link/react-devtools font-weight:bold
[2026-06-21T07:50:29.736Z] [debug] [vite] connecting...
[2026-06-21T07:50:29.811Z] [debug] [vite] connected.
[2026-06-21T07:50:29.817Z] [info] %cDownload the React DevTools for a better development experience: https://react.dev/link/react-devtools font-weight:bold
[2026-06-21T07:50:34.850Z] [debug] [vite] connecting...
[2026-06-21T07:50:34.851Z] [debug] [vite] connected.
[2026-06-21T07:50:34.855Z] [info] %cDownload the React DevTools for a better development experience: https://react.dev/link/react-devtools font-weight:bold
[2026-06-21T07:50:34.912Z] [debug] [vite] connecting...
[2026-06-21T07:50:34.927Z] [debug] [vite] connected.
[2026-06-21T07:50:34.951Z] [info] %cDownload the React DevTools for a better development experience: https://react.dev/link/react-devtools font-weight:bold
[2026-06-21T07:50:40.121Z] [debug] [vite] connecting...
[2026-06-21T07:50:40.130Z] [debug] [vite] connected.
[2026-06-21T07:50:40.132Z] [info] %cDownload the React DevTools for a better development experience: https://react.dev/link/react-devtools font-weight:bold
[2026-06-21T07:53:54.750Z] [debug] [vite] hot updated: /src/index.css
[2026-06-21T07:53:55.322Z] [debug] [vite] hot updated: /src/index.css
[2026-06-21T07:53:55.322Z] [debug] [vite] hot updated: /src/pages/Dashboard.tsx
[2026-06-21T07:53:55.322Z] [debug] [vite] hot updated: /src/components/Sidebar.tsx
[2026-06-21T07:53:55.323Z] [debug] [vite] hot updated: /src/pages/PlayerProfile.tsx
[2026-06-21T07:53:55.323Z] [debug] [vite] hot updated: /src/pages/DailyReport.tsx
[2026-06-21T07:53:55.326Z] [debug] [vite] hot updated: /src/pages/AcwrPage.tsx
[2026-06-21T07:53:55.328Z] [debug] [vite] hot updated: /src/pages/RpePage.tsx
[2026-06-21T07:53:55.328Z] [debug] [vite] hot updated: /src/pages/WeeklyReport.tsx
[2026-06-21T07:53:55.328Z] [debug] [vite] hot updated: /src/pages/Upload.tsx
